================================================================================
🚀 SOLANA ALPHA HUNTER v5.4 COMBINED
🕐 2026-03-20 20:59:58
================================================================================

[1/3] Running v5.3 new token scan...

[2/3] Processing results through v5.4 tracker...
✓ v5.3 found 2 tokens
✅ Bridge path: /mnt/c/Users/HighE/DesktopMateLux/alerts.json
🎮 Lux Bridge: ✅ Connected
  Processing: FNSsYaTdk2iM6D9PvEQH...
  🔍 Multi-source verification...
  🎭 Analyzing narrative...
  📈 Tracking token lifecycle...
    ✓ Grade A ✅ (0/25)
  Processing: 6gh8b2mqUrVb6Ew8Mwt8...
  🔍 Multi-source verification...
  🎭 Analyzing narrative...
  📊 Checking sentiment...
  📈 Tracking token lifecycle...
    ✓ Grade A ✅ (5/25)
    Bonuses: sentiment_positive(5.695457996518042)(+1), survived_6h(+1), survived_12h(+1), survived_24h(+2)
✓ Saved 2 enhanced results to alpha_results_v54.json

[3/3] Running survivor monitor...
================================================================================
🚀 SOLANA ALPHA HUNTER v5.4 - Survivor Monitor
🕐 2026-03-20 21:01:10
================================================================================
✅ Bridge path: /mnt/c/Users/HighE/DesktopMateLux/alerts.json
🎮 Lux Bridge: ✅ Connected
================================================================================
🚀 SOLANA ALPHA HUNTER v5.4 - Survivor Edition
🎯 Mode: Token Lifecycle Monitoring
================================================================================

📊 Tracking 61 tokens...

🏆 GRADE A SURVIVORS (24h+):

📉 ?
   CA: BCG4MBb279NJnJh9iFGo...
   Age: 92.9h | MCAP Change: +0.0%
   Checkpoints passed: 5
✅ Sent: survivor alert

📉 ?
   CA: 6gh8b2mqUrVb6Ew8Mwt8...
   Age: 11299.2h | MCAP Change: +0.0%
   Checkpoints passed: 5
✅ Sent: survivor alert

🎯 CHECKPOINT ALERTS:
   No new checkpoints hit. Monitoring...

📊 SENTIMENT UPDATES:
   🔥 Solana: sentiment 7.78464992589272/10
   🔥 MEME: sentiment 7.547089428201285/10
   🔥 Meme hall of fame: sentiment 7.745106105201495/10
   🔥 The Social Currency: sentiment 7.445172184681136/10
   🔥 Richard Dawkins Creator of Meme: sentiment 7.52058097563501/10

================================================================================
⚡ v5.4 monitoring complete
💡 Tip: Run daily or set up a cron job for continuous tracking
================================================================================

================================================================================
✅ v5.4 Monitor complete: 2026-03-20 21:01:10
================================================================================

================================================================================
✅ v5.4 Combined complete: 2026-03-20 20:59:58
💡 New results: alpha_results_v54.json
💡 Survivors: tracked_tokens.json
================================================================================
