✅ Bridge path: /mnt/c/Users/HighE/DesktopMateLux/alerts.json
🎮 Lux Bridge: ✅ Connected
================================================================================
🚀 SOLANA ALPHA HUNTER v5.4 - Survivor Edition
🎯 Mode: Token Lifecycle Monitoring
================================================================================

📊 Tracking 4 tokens...

🏆 GRADE A SURVIVORS (24h+):
   No 24h+ survivors yet. Check back later...

🎯 CHECKPOINT ALERTS:
   No new checkpoints hit. Monitoring...

📊 SENTIMENT UPDATES:
   No significant sentiment changes

================================================================================
⚡ v5.4 monitoring complete
💡 Tip: Run daily or set up a cron job for continuous tracking
================================================================================
✅ Bridge path: /mnt/c/Users/HighE/DesktopMateLux/alerts.json
🎮 Lux Bridge: ✅ Connected
================================================================================
🚀 SOLANA ALPHA HUNTER v5.4 - Survivor Edition
🎯 Mode: Token Lifecycle Monitoring
================================================================================

📊 Tracking 4 tokens...

🏆 GRADE A SURVIVORS (24h+):
   No 24h+ survivors yet. Check back later...

🎯 CHECKPOINT ALERTS:
   No new checkpoints hit. Monitoring...

📊 SENTIMENT UPDATES:
   🔥 ?: sentiment 7.4569845936154815/10

================================================================================
⚡ v5.4 monitoring complete
💡 Tip: Run daily or set up a cron job for continuous tracking
================================================================================
✅ Bridge path: /mnt/c/Users/HighE/DesktopMateLux/alerts.json
🎮 Lux Bridge: ✅ Connected
================================================================================
🚀 SOLANA ALPHA HUNTER v5.4 - Survivor Edition
🎯 Mode: Token Lifecycle Monitoring
================================================================================

📊 Tracking 7 tokens...

🏆 GRADE A SURVIVORS (24h+):

📉 ?
   CA: BCG4MBb279NJnJh9iFGo...
   Age: 92.9h | MCAP Change: +0.0%
   Checkpoints passed: 5
✅ Sent: survivor alert

🎯 CHECKPOINT ALERTS:
   No new checkpoints hit. Monitoring...

📊 SENTIMENT UPDATES:
   🔥 ?: sentiment 7.2730152075019/10

================================================================================
⚡ v5.4 monitoring complete
💡 Tip: Run daily or set up a cron job for continuous tracking
================================================================================
✅ Bridge path: /mnt/c/Users/HighE/DesktopMateLux/alerts.json
🎮 Lux Bridge: ✅ Connected
================================================================================
🚀 SOLANA ALPHA HUNTER v5.4 - Survivor Edition
🎯 Mode: Token Lifecycle Monitoring
================================================================================

📊 Tracking 7 tokens...

🏆 GRADE A SURVIVORS (24h+):

📉 ?
   CA: BCG4MBb279NJnJh9iFGo...
   Age: 92.9h | MCAP Change: +0.0%
   Checkpoints passed: 5
✅ Sent: survivor alert

🎯 CHECKPOINT ALERTS:
   No new checkpoints hit. Monitoring...

📊 SENTIMENT UPDATES:
   No significant sentiment changes

================================================================================
⚡ v5.4 monitoring complete
💡 Tip: Run daily or set up a cron job for continuous tracking
================================================================================
✅ Bridge path: /mnt/c/Users/HighE/DesktopMateLux/alerts.json
🎮 Lux Bridge: ✅ Connected
================================================================================
🚀 SOLANA ALPHA HUNTER v5.4 - Survivor Edition
🎯 Mode: Token Lifecycle Monitoring
================================================================================

📊 Tracking 8 tokens...

🏆 GRADE A SURVIVORS (24h+):

📉 ?
   CA: BCG4MBb279NJnJh9iFGo...
   Age: 92.9h | MCAP Change: +0.0%
   Checkpoints passed: 5
✅ Sent: survivor alert

🎯 CHECKPOINT ALERTS:
   No new checkpoints hit. Monitoring...

📊 SENTIMENT UPDATES:
   🔥 ?: sentiment 7.434600100591503/10

================================================================================
⚡ v5.4 monitoring complete
💡 Tip: Run daily or set up a cron job for continuous tracking
================================================================================
✅ Bridge path: /mnt/c/Users/HighE/DesktopMateLux/alerts.json
🎮 Lux Bridge: ✅ Connected
================================================================================
🚀 SOLANA ALPHA HUNTER v5.4 - Survivor Edition
🎯 Mode: Token Lifecycle Monitoring
================================================================================

📊 Tracking 56 tokens...

🏆 GRADE A SURVIVORS (24h+):

📉 ?
   CA: BCG4MBb279NJnJh9iFGo...
   Age: 92.9h | MCAP Change: +0.0%
   Checkpoints passed: 5
✅ Sent: survivor alert

🎯 CHECKPOINT ALERTS:
   No new checkpoints hit. Monitoring...

📊 SENTIMENT UPDATES:
   🔥 ?: sentiment 7.309366577839558/10
   🔥 SOLANA: sentiment 7.814625990447881/10
   🔥 Solana: sentiment 7.953542161431386/10
   🔥 TRUMP MEME (trumpmeme.net): sentiment 7.199110467398804/10
   🔥 The Social Currency: sentiment 7.44219503485593/10

================================================================================
⚡ v5.4 monitoring complete
💡 Tip: Run daily or set up a cron job for continuous tracking
================================================================================
✅ Bridge path: /mnt/c/Users/HighE/DesktopMateLux/alerts.json
🎮 Lux Bridge: ✅ Connected
================================================================================
🚀 SOLANA ALPHA HUNTER v5.4 - Survivor Edition
🎯 Mode: Token Lifecycle Monitoring
================================================================================

📊 Tracking 59 tokens...

🏆 GRADE A SURVIVORS (24h+):

📉 ?
   CA: BCG4MBb279NJnJh9iFGo...
   Age: 92.9h | MCAP Change: +0.0%
   Checkpoints passed: 5
✅ Sent: survivor alert

🎯 CHECKPOINT ALERTS:
   No new checkpoints hit. Monitoring...

📊 SENTIMENT UPDATES:
   🔥 Solana: sentiment 7.748535690704749/10
   🔥 Solana: sentiment 7.244824892057121/10
   🔥 Solana: sentiment 7.690120170517247/10
   🔥 TRUMP MEME (trumpmeme.net): sentiment 7.956066708321524/10
   🔥 The Social Currency: sentiment 7.761790207921831/10

================================================================================
⚡ v5.4 monitoring complete
💡 Tip: Run daily or set up a cron job for continuous tracking
================================================================================
✅ Bridge path: /mnt/c/Users/HighE/DesktopMateLux/alerts.json
🎮 Lux Bridge: ✅ Connected
================================================================================
🚀 SOLANA ALPHA HUNTER v5.4 - Survivor Edition
🎯 Mode: Token Lifecycle Monitoring
================================================================================

📊 Tracking 61 tokens...

🏆 GRADE A SURVIVORS (24h+):

📉 ?
   CA: BCG4MBb279NJnJh9iFGo...
   Age: 92.9h | MCAP Change: +0.0%
   Checkpoints passed: 5
✅ Sent: survivor alert

📉 ?
   CA: 6gh8b2mqUrVb6Ew8Mwt8...
   Age: 11299.2h | MCAP Change: +0.0%
   Checkpoints passed: 5
✅ Sent: survivor alert

🎯 CHECKPOINT ALERTS:
   No new checkpoints hit. Monitoring...

📊 SENTIMENT UPDATES:
   🔥 The Social Currency: sentiment 7.954886374734238/10
   🔥 Meme hall of fame: sentiment 7.544101924938594/10
   🔥 Richard Dawkins Creator of Meme: sentiment 7.298209203854074/10
   🔥 one meme can change your life: sentiment 7.765650852752249/10
   🔥 Happy Birthday Solana: sentiment 7.476633564786955/10

================================================================================
⚡ v5.4 monitoring complete
💡 Tip: Run daily or set up a cron job for continuous tracking
================================================================================
✅ Bridge path: /mnt/c/Users/HighE/DesktopMateLux/alerts.json
🎮 Lux Bridge: ✅ Connected
================================================================================
🚀 SOLANA ALPHA HUNTER v5.4 - Survivor Edition
🎯 Mode: Token Lifecycle Monitoring
================================================================================

📊 Tracking 61 tokens...

🏆 GRADE A SURVIVORS (24h+):

📉 ?
   CA: BCG4MBb279NJnJh9iFGo...
   Age: 92.9h | MCAP Change: +0.0%
   Checkpoints passed: 5
✅ Sent: survivor alert

📉 ?
   CA: 6gh8b2mqUrVb6Ew8Mwt8...
   Age: 11299.2h | MCAP Change: +0.0%
   Checkpoints passed: 5
✅ Sent: survivor alert

🎯 CHECKPOINT ALERTS:
   No new checkpoints hit. Monitoring...

📊 SENTIMENT UPDATES:
   🔥 Solana: sentiment 7.78464992589272/10
   🔥 MEME: sentiment 7.547089428201285/10
   🔥 Meme hall of fame: sentiment 7.745106105201495/10
   🔥 The Social Currency: sentiment 7.445172184681136/10
   🔥 Richard Dawkins Creator of Meme: sentiment 7.52058097563501/10

================================================================================
⚡ v5.4 monitoring complete
💡 Tip: Run daily or set up a cron job for continuous tracking
================================================================================
