2026-03-09 11:04:35,514 | ISEE | INFO | ======================================================================
2026-03-09 11:04:35,515 | ISEE | INFO | 🔥 ISEE - INCOME STREAM EXPANSION ENGINE
2026-03-09 11:04:35,517 | ISEE | INFO | ======================================================================
2026-03-09 11:04:35,517 | ISEE | INFO | 
📡 Starting market scan (focus: services)...
2026-03-09 11:04:35,517 | ISEE.MarketScanner | INFO |    Scanning services: 4 patterns
2026-03-09 11:04:35,520 | ISEE.MarketScanner | INFO |    Total discovered: 4 opportunities
2026-03-09 11:04:35,521 | ISEE | INFO | 
✅ Scan complete!
2026-03-09 11:04:35,521 | ISEE | INFO |    Discovered: 4 opportunities
2026-03-09 11:04:35,521 | ISEE | INFO |    New (unique): 4 opportunities
2026-03-09 11:04:35,524 | ISEE | INFO | 
🎯 TOP NEW OPPORTUNITIES:
2026-03-09 11:04:35,525 | ISEE | INFO |    [SERVICES] AI Agent Development Service
2026-03-09 11:04:35,525 | ISEE | INFO |       Potential: $5000/mo | Confidence: 85%
2026-03-09 11:04:35,525 | ISEE | INFO |    [SERVICES] CV/Résumé Optimization Service
2026-03-09 11:04:35,525 | ISEE | INFO |       Potential: $1500/mo | Confidence: 80%
2026-03-09 11:04:35,525 | ISEE | INFO |    [SERVICES] Automation Consulting
2026-03-09 11:04:35,525 | ISEE | INFO |       Potential: $4000/mo | Confidence: 80%
2026-03-09 11:04:35,525 | ISEE | INFO |    [SERVICES] Crypto Portfolio Analysis
2026-03-09 11:04:35,525 | ISEE | INFO |       Potential: $2000/mo | Confidence: 75%
2026-03-09 11:04:40,065 | ISEE | INFO | Loaded 4 existing opportunities
2026-03-09 11:04:40,066 | ISEE | INFO | Loaded 0 existing proposals
2026-03-09 11:04:40,076 | ISEE | INFO | 
======================================================================
2026-03-09 11:04:40,076 | ISEE | INFO | 🔄 RUNNING FULL ISEE CYCLE
2026-03-09 11:04:40,077 | ISEE | INFO | ======================================================================
2026-03-09 11:04:40,077 | ISEE | INFO | ======================================================================
2026-03-09 11:04:40,077 | ISEE | INFO | 🔥 ISEE - INCOME STREAM EXPANSION ENGINE
2026-03-09 11:04:40,077 | ISEE | INFO | ======================================================================
2026-03-09 11:04:40,077 | ISEE | INFO | 
📡 Starting market scan (focus: all)...
2026-03-09 11:04:40,078 | ISEE.MarketScanner | INFO |    Scanning digital-products: 4 patterns
2026-03-09 11:04:40,078 | ISEE.MarketScanner | INFO |    Scanning services: 4 patterns
2026-03-09 11:04:40,078 | ISEE.MarketScanner | INFO |    Scanning content: 4 patterns
2026-03-09 11:04:40,079 | ISEE.MarketScanner | INFO |    Scanning crypto: 3 patterns
2026-03-09 11:04:40,079 | ISEE.MarketScanner | INFO |    Scanning ai: 3 patterns
2026-03-09 11:04:40,079 | ISEE.MarketScanner | INFO |    Total discovered: 18 opportunities
2026-03-09 11:04:40,079 | ISEE | INFO | 
✅ Scan complete!
2026-03-09 11:04:40,080 | ISEE | INFO |    Discovered: 18 opportunities
2026-03-09 11:04:40,080 | ISEE | INFO |    New (unique): 18 opportunities
2026-03-09 11:04:40,083 | ISEE | INFO | 
🎯 TOP NEW OPPORTUNITIES:
2026-03-09 11:04:40,083 | ISEE | INFO |    [SERVICES] AI Agent Development Service
2026-03-09 11:04:40,083 | ISEE | INFO |       Potential: $5000/mo | Confidence: 85%
2026-03-09 11:04:40,084 | ISEE | INFO |    [AI] AI Content Generation Service
2026-03-09 11:04:40,084 | ISEE | INFO |       Potential: $2000/mo | Confidence: 85%
2026-03-09 11:04:40,084 | ISEE | INFO |    [DIGITAL-PRODUCTS] AI Automation Scripts
2026-03-09 11:04:40,084 | ISEE | INFO |       Potential: $2000/mo | Confidence: 80%
2026-03-09 11:04:40,084 | ISEE | INFO |    [SERVICES] CV/Résumé Optimization Service
2026-03-09 11:04:40,084 | ISEE | INFO |       Potential: $1500/mo | Confidence: 80%
2026-03-09 11:04:40,085 | ISEE | INFO |    [SERVICES] Automation Consulting
2026-03-09 11:04:40,085 | ISEE | INFO |       Potential: $4000/mo | Confidence: 80%
2026-03-09 11:04:40,085 | ISEE | INFO | 
🔍 Analyzing opportunity: AI Agent Development Service
2026-03-09 11:04:40,085 | ISEE.NicheAnalyzer | INFO |    Analyzing niche: AI Agent Development Service
2026-03-09 11:04:40,085 | ISEE.CompetitionEvaluator | INFO |    Evaluating competition: AI Agent Development Service
2026-03-09 11:04:40,088 | ISEE | INFO | ✅ Analysis complete for AI Agent Development Service
2026-03-09 11:04:40,089 | ISEE | INFO |    ARAS Score: 90/100
2026-03-09 11:04:40,089 | ISEE | INFO | 
🔍 Analyzing opportunity: AI Content Generation Service
2026-03-09 11:04:40,089 | ISEE.NicheAnalyzer | INFO |    Analyzing niche: AI Content Generation Service
2026-03-09 11:04:40,089 | ISEE.CompetitionEvaluator | INFO |    Evaluating competition: AI Content Generation Service
2026-03-09 11:04:40,092 | ISEE | INFO | ✅ Analysis complete for AI Content Generation Service
2026-03-09 11:04:40,092 | ISEE | INFO |    ARAS Score: 80/100
2026-03-09 11:04:40,093 | ISEE | INFO | 
🔍 Analyzing opportunity: AI Automation Scripts
2026-03-09 11:04:40,093 | ISEE.NicheAnalyzer | INFO |    Analyzing niche: AI Automation Scripts
2026-03-09 11:04:40,093 | ISEE.CompetitionEvaluator | INFO |    Evaluating competition: AI Automation Scripts
2026-03-09 11:04:40,095 | ISEE | INFO | ✅ Analysis complete for AI Automation Scripts
2026-03-09 11:04:40,096 | ISEE | INFO |    ARAS Score: 80/100
2026-03-09 11:04:40,096 | ISEE | INFO | 
📋 Generating proposal for: AI Agent Development Service
2026-03-09 11:04:40,096 | ISEE | INFO | 
🔍 Analyzing opportunity: AI Agent Development Service
2026-03-09 11:04:40,096 | ISEE.NicheAnalyzer | INFO |    Analyzing niche: AI Agent Development Service
2026-03-09 11:04:40,097 | ISEE.CompetitionEvaluator | INFO |    Evaluating competition: AI Agent Development Service
2026-03-09 11:04:40,098 | ISEE | INFO | ✅ Analysis complete for AI Agent Development Service
2026-03-09 11:04:40,099 | ISEE | INFO |    ARAS Score: 90/100
2026-03-09 11:04:40,099 | ISEE.ProposalGenerator | INFO |    Generating proposal for: AI Agent Development Service
2026-03-09 11:04:40,099 | ISEE.WorkflowBuilder | INFO |    Building workflow for: AI Agent Development Service
2026-03-09 11:04:40,102 | ISEE | INFO | ✅ Proposal generated: ISEE-PROP-20260309-8989
2026-03-09 11:04:40,102 | ISEE | INFO |    Projected monthly: $0
2026-03-09 11:04:40,102 | ISEE | INFO | 
======================================================================
2026-03-09 11:04:40,102 | ISEE | INFO | 🎯 TOP PROPOSAL READY
2026-03-09 11:04:40,102 | ISEE | INFO | ======================================================================
2026-03-09 11:04:40,103 | ISEE | INFO |    Proposal ID: ISEE-PROP-20260309-8989
2026-03-09 11:04:40,103 | ISEE | INFO |    Run: python3 isee.py --mode build --id ISEE-PROP-20260309-8989
2026-03-09 11:04:40,105 | ISEE | INFO | 
📊 PORTFOLIO STATUS
2026-03-09 11:04:40,106 | ISEE | INFO |    Total: 22
2026-03-09 11:04:40,106 | ISEE | INFO |    Active: 0
2026-03-09 11:04:40,106 | ISEE | INFO |    Monthly Potential: $0
2026-03-09 13:33:36,907 | ISEE | INFO | Loaded 22 existing opportunities
2026-03-09 13:33:36,911 | ISEE | INFO | Loaded 1 existing proposals
2026-03-09 13:33:36,922 | ISEE | INFO | 
📋 Generating proposal for: AI Agent Development Service
2026-03-09 13:33:36,922 | ISEE | INFO | 
🔍 Analyzing opportunity: AI Agent Development Service
2026-03-09 13:33:36,923 | ISEE.NicheAnalyzer | INFO |    Analyzing niche: AI Agent Development Service
2026-03-09 13:33:36,923 | ISEE.CompetitionEvaluator | INFO |    Evaluating competition: AI Agent Development Service
2026-03-09 13:33:36,927 | ISEE | INFO | ✅ Analysis complete for AI Agent Development Service
2026-03-09 13:33:36,927 | ISEE | INFO |    ARAS Score: 90/100
2026-03-09 13:33:36,927 | ISEE.ProposalGenerator | INFO |    Generating proposal for: AI Agent Development Service
2026-03-09 13:33:36,927 | ISEE.WorkflowBuilder | INFO |    Building workflow for: AI Agent Development Service
2026-03-09 13:33:36,930 | ISEE | INFO | ✅ Proposal generated: ISEE-PROP-20260309-2026
2026-03-09 13:33:36,931 | ISEE | INFO |    Projected monthly: $0
2026-03-09 13:33:36,931 | ISEE | INFO | 
📋 Generating proposal for: CV/Résumé Optimization Service
2026-03-09 13:33:36,931 | ISEE | INFO | 
🔍 Analyzing opportunity: CV/Résumé Optimization Service
2026-03-09 13:33:36,931 | ISEE.NicheAnalyzer | INFO |    Analyzing niche: CV/Résumé Optimization Service
2026-03-09 13:33:36,931 | ISEE.CompetitionEvaluator | INFO |    Evaluating competition: CV/Résumé Optimization Service
2026-03-09 13:33:36,936 | ISEE | INFO | ✅ Analysis complete for CV/Résumé Optimization Service
2026-03-09 13:33:36,936 | ISEE | INFO |    ARAS Score: 75/100
2026-03-09 13:33:36,936 | ISEE.ProposalGenerator | INFO |    Generating proposal for: CV/Résumé Optimization Service
2026-03-09 13:33:36,937 | ISEE.WorkflowBuilder | INFO |    Building workflow for: CV/Résumé Optimization Service
2026-03-09 13:33:36,941 | ISEE | INFO | ✅ Proposal generated: ISEE-PROP-20260309-6503
2026-03-09 13:33:36,942 | ISEE | INFO |    Projected monthly: $0
2026-03-09 13:33:36,942 | ISEE | INFO | 
📋 Generating proposal for: Automation Consulting
2026-03-09 13:33:36,942 | ISEE | INFO | 
🔍 Analyzing opportunity: Automation Consulting
2026-03-09 13:33:36,942 | ISEE.NicheAnalyzer | INFO |    Analyzing niche: Automation Consulting
2026-03-09 13:33:36,942 | ISEE.CompetitionEvaluator | INFO |    Evaluating competition: Automation Consulting
2026-03-09 13:33:36,946 | ISEE | INFO | ✅ Analysis complete for Automation Consulting
2026-03-09 13:33:36,946 | ISEE | INFO |    ARAS Score: 80/100
2026-03-09 13:33:36,946 | ISEE.ProposalGenerator | INFO |    Generating proposal for: Automation Consulting
2026-03-09 13:33:36,947 | ISEE.WorkflowBuilder | INFO |    Building workflow for: Automation Consulting
2026-03-09 13:33:36,951 | ISEE | INFO | ✅ Proposal generated: ISEE-PROP-20260309-2816
2026-03-09 13:33:36,952 | ISEE | INFO |    Projected monthly: $0
2026-03-09 13:33:36,952 | ISEE | INFO | 
📋 Generating proposal for: CV/Résumé Optimization Service
2026-03-09 13:33:36,952 | ISEE | INFO | 
🔍 Analyzing opportunity: CV/Résumé Optimization Service
2026-03-09 13:33:36,952 | ISEE.NicheAnalyzer | INFO |    Analyzing niche: CV/Résumé Optimization Service
2026-03-09 13:33:36,952 | ISEE.CompetitionEvaluator | INFO |    Evaluating competition: CV/Résumé Optimization Service
2026-03-09 13:33:36,956 | ISEE | INFO | ✅ Analysis complete for CV/Résumé Optimization Service
2026-03-09 13:33:36,956 | ISEE | INFO |    ARAS Score: 75/100
2026-03-09 13:33:36,956 | ISEE.ProposalGenerator | INFO |    Generating proposal for: CV/Résumé Optimization Service
2026-03-09 13:33:36,956 | ISEE.WorkflowBuilder | INFO |    Building workflow for: CV/Résumé Optimization Service
2026-03-09 13:33:36,961 | ISEE | INFO | ✅ Proposal generated: ISEE-PROP-20260309-6503
2026-03-09 13:33:36,961 | ISEE | INFO |    Projected monthly: $0
2026-03-09 13:45:12,367 | ISEE | INFO | Loaded 22 existing opportunities
2026-03-09 13:45:12,372 | ISEE | INFO | Loaded 5 existing proposals
2026-03-09 13:53:46,817 | ISEE | INFO | Loaded 22 existing opportunities
2026-03-09 13:53:46,819 | ISEE | INFO | Loaded 5 existing proposals
2026-03-09 22:56:08,494 | ISEE | INFO | Loaded 22 existing opportunities
2026-03-09 22:56:08,497 | ISEE | INFO | Loaded 5 existing proposals
2026-03-15 04:24:18,439 | ISEE | INFO | Loaded 22 existing opportunities
2026-03-15 04:24:18,443 | ISEE | INFO | Loaded 5 existing proposals
2026-03-15 04:24:18,505 | ISEE | INFO | ======================================================================
2026-03-15 04:24:18,505 | ISEE | INFO | 🔥 ISEE - INCOME STREAM EXPANSION ENGINE
2026-03-15 04:24:18,505 | ISEE | INFO | ======================================================================
2026-03-15 04:24:18,505 | ISEE | INFO | 
📡 Starting market scan (focus: all)...
2026-03-15 04:24:18,506 | ISEE.MarketScanner | INFO |    Scanning digital-products: 4 patterns
2026-03-15 04:24:18,507 | ISEE.MarketScanner | INFO |    Scanning services: 4 patterns
2026-03-15 04:24:18,508 | ISEE.MarketScanner | INFO |    Scanning content: 4 patterns
2026-03-15 04:24:18,508 | ISEE.MarketScanner | INFO |    Scanning crypto: 3 patterns
2026-03-15 04:24:18,508 | ISEE.MarketScanner | INFO |    Scanning ai: 3 patterns
2026-03-15 04:24:18,509 | ISEE.MarketScanner | INFO |    Total discovered: 18 opportunities
2026-03-15 04:24:18,509 | ISEE | INFO | 
✅ Scan complete!
2026-03-15 04:24:18,509 | ISEE | INFO |    Discovered: 18 opportunities
2026-03-15 04:24:18,509 | ISEE | INFO |    New (unique): 18 opportunities
2026-03-15 04:24:18,516 | ISEE | INFO | 
🎯 TOP NEW OPPORTUNITIES:
2026-03-15 04:24:18,516 | ISEE | INFO |    [SERVICES] AI Agent Development Service
2026-03-15 04:24:18,517 | ISEE | INFO |       Potential: $5000/mo | Confidence: 85%
2026-03-15 04:24:18,517 | ISEE | INFO |    [AI] AI Content Generation Service
2026-03-15 04:24:18,517 | ISEE | INFO |       Potential: $2000/mo | Confidence: 85%
2026-03-15 04:24:18,517 | ISEE | INFO |    [DIGITAL-PRODUCTS] AI Automation Scripts
2026-03-15 04:24:18,517 | ISEE | INFO |       Potential: $2000/mo | Confidence: 80%
2026-03-15 04:24:18,518 | ISEE | INFO |    [SERVICES] CV/Résumé Optimization Service
2026-03-15 04:24:18,518 | ISEE | INFO |       Potential: $1500/mo | Confidence: 80%
2026-03-15 04:24:18,518 | ISEE | INFO |    [SERVICES] Automation Consulting
2026-03-15 04:24:18,518 | ISEE | INFO |       Potential: $4000/mo | Confidence: 80%
2026-03-15 04:24:21,807 | ISEE | INFO | Loaded 40 existing opportunities
2026-03-15 04:24:21,812 | ISEE | INFO | Loaded 5 existing proposals
2026-03-15 04:24:21,831 | ISEE | INFO | ======================================================================
2026-03-15 04:24:21,832 | ISEE | INFO | 🔥 ISEE - INCOME STREAM EXPANSION ENGINE
2026-03-15 04:24:21,832 | ISEE | INFO | ======================================================================
2026-03-15 04:24:21,832 | ISEE | INFO | 
📡 Starting market scan (focus: all)...
2026-03-15 04:24:21,832 | ISEE.MarketScanner | INFO |    Scanning digital-products: 4 patterns
2026-03-15 04:24:21,833 | ISEE.MarketScanner | INFO |    Scanning services: 4 patterns
2026-03-15 04:24:21,833 | ISEE.MarketScanner | INFO |    Scanning content: 4 patterns
2026-03-15 04:24:21,833 | ISEE.MarketScanner | INFO |    Scanning crypto: 3 patterns
2026-03-15 04:24:21,834 | ISEE.MarketScanner | INFO |    Scanning ai: 3 patterns
2026-03-15 04:24:21,834 | ISEE.MarketScanner | INFO |    Total discovered: 18 opportunities
2026-03-15 04:24:21,834 | ISEE | INFO | 
✅ Scan complete!
2026-03-15 04:24:21,834 | ISEE | INFO |    Discovered: 18 opportunities
2026-03-15 04:24:21,834 | ISEE | INFO |    New (unique): 18 opportunities
2026-03-15 04:24:21,849 | ISEE | INFO | 
🎯 TOP NEW OPPORTUNITIES:
2026-03-15 04:24:21,850 | ISEE | INFO |    [SERVICES] AI Agent Development Service
2026-03-15 04:24:21,850 | ISEE | INFO |       Potential: $5000/mo | Confidence: 85%
2026-03-15 04:24:21,850 | ISEE | INFO |    [AI] AI Content Generation Service
2026-03-15 04:24:21,850 | ISEE | INFO |       Potential: $2000/mo | Confidence: 85%
2026-03-15 04:24:21,850 | ISEE | INFO |    [DIGITAL-PRODUCTS] AI Automation Scripts
2026-03-15 04:24:21,850 | ISEE | INFO |       Potential: $2000/mo | Confidence: 80%
2026-03-15 04:24:21,851 | ISEE | INFO |    [SERVICES] CV/Résumé Optimization Service
2026-03-15 04:24:21,851 | ISEE | INFO |       Potential: $1500/mo | Confidence: 80%
2026-03-15 04:24:21,851 | ISEE | INFO |    [SERVICES] Automation Consulting
2026-03-15 04:24:21,851 | ISEE | INFO |       Potential: $4000/mo | Confidence: 80%
2026-03-15 05:18:57,085 | ISEE | INFO | Loaded 58 existing opportunities
2026-03-15 05:18:57,092 | ISEE | INFO | Loaded 5 existing proposals
2026-03-15 05:19:07,585 | ISEE | INFO | Loaded 58 existing opportunities
2026-03-15 05:19:07,586 | ISEE | INFO | Loaded 5 existing proposals
2026-03-15 05:19:11,622 | ISEE | INFO | Loaded 58 existing opportunities
2026-03-15 05:19:11,623 | ISEE | INFO | Loaded 5 existing proposals
2026-03-15 05:19:11,629 | ISEE | INFO | ======================================================================
2026-03-15 05:19:11,629 | ISEE | INFO | 🔥 ISEE - INCOME STREAM EXPANSION ENGINE
2026-03-15 05:19:11,630 | ISEE | INFO | ======================================================================
2026-03-15 05:19:11,630 | ISEE | INFO | 
📡 Starting market scan (focus: content)...
2026-03-15 05:19:11,631 | ISEE.MarketScanner | INFO |    Scanning content: 4 patterns
2026-03-15 05:19:11,631 | ISEE.MarketScanner | INFO |    Total discovered: 4 opportunities
2026-03-15 05:19:11,631 | ISEE | INFO | 
✅ Scan complete!
2026-03-15 05:19:11,631 | ISEE | INFO |    Discovered: 4 opportunities
2026-03-15 05:19:11,632 | ISEE | INFO |    New (unique): 4 opportunities
2026-03-15 05:19:11,643 | ISEE | INFO | 
🎯 TOP NEW OPPORTUNITIES:
2026-03-15 05:19:11,643 | ISEE | INFO |    [CONTENT] Crypto Alpha Newsletter
2026-03-15 05:19:11,643 | ISEE | INFO |       Potential: $2000/mo | Confidence: 70%
2026-03-15 05:19:11,644 | ISEE | INFO |    [CONTENT] Niche Discord Community
2026-03-15 05:19:11,644 | ISEE | INFO |       Potential: $800/mo | Confidence: 70%
2026-03-15 05:19:11,644 | ISEE | INFO |    [CONTENT] AI/ML Tutorial YouTube Channel
2026-03-15 05:19:11,644 | ISEE | INFO |       Potential: $5000/mo | Confidence: 65%
2026-03-15 05:19:11,644 | ISEE | INFO |    [CONTENT] Tech Career Podcast
2026-03-15 05:19:11,644 | ISEE | INFO |       Potential: $1000/mo | Confidence: 60%
2026-03-15 19:09:02,879 | ISEE | INFO | Loaded 62 existing opportunities
2026-03-15 19:09:02,888 | ISEE | INFO | Loaded 5 existing proposals
2026-03-15 19:09:02,905 | ISEE | INFO | ======================================================================
2026-03-15 19:09:02,906 | ISEE | INFO | 🔥 ISEE - INCOME STREAM EXPANSION ENGINE
2026-03-15 19:09:02,907 | ISEE | INFO | ======================================================================
2026-03-15 19:09:02,907 | ISEE | INFO | 
📡 Starting market scan (focus: all)...
2026-03-15 19:09:02,907 | ISEE.MarketScanner | INFO |    Scanning digital-products: 4 patterns
2026-03-15 19:09:02,909 | ISEE.MarketScanner | INFO |    Scanning services: 4 patterns
2026-03-15 19:09:02,912 | ISEE.MarketScanner | INFO |    Scanning content: 4 patterns
2026-03-15 19:09:02,913 | ISEE.MarketScanner | INFO |    Scanning crypto: 3 patterns
2026-03-15 19:09:02,913 | ISEE.MarketScanner | INFO |    Scanning ai: 3 patterns
2026-03-15 19:09:02,913 | ISEE.MarketScanner | INFO |    Total discovered: 18 opportunities
2026-03-15 19:09:02,914 | ISEE | INFO | 
✅ Scan complete!
2026-03-15 19:09:02,914 | ISEE | INFO |    Discovered: 18 opportunities
2026-03-15 19:09:02,914 | ISEE | INFO |    New (unique): 18 opportunities
2026-03-15 19:09:02,924 | ISEE | INFO | 
🎯 TOP NEW OPPORTUNITIES:
2026-03-15 19:09:02,925 | ISEE | INFO |    [SERVICES] AI Agent Development Service
2026-03-15 19:09:02,925 | ISEE | INFO |       Potential: $5000/mo | Confidence: 85%
2026-03-15 19:09:02,925 | ISEE | INFO |    [AI] AI Content Generation Service
2026-03-15 19:09:02,925 | ISEE | INFO |       Potential: $2000/mo | Confidence: 85%
2026-03-15 19:09:02,925 | ISEE | INFO |    [DIGITAL-PRODUCTS] AI Automation Scripts
2026-03-15 19:09:02,925 | ISEE | INFO |       Potential: $2000/mo | Confidence: 80%
2026-03-15 19:09:02,925 | ISEE | INFO |    [SERVICES] CV/Résumé Optimization Service
2026-03-15 19:09:02,926 | ISEE | INFO |       Potential: $1500/mo | Confidence: 80%
2026-03-15 19:09:02,926 | ISEE | INFO |    [SERVICES] Automation Consulting
2026-03-15 19:09:02,926 | ISEE | INFO |       Potential: $4000/mo | Confidence: 80%
2026-03-15 19:09:09,978 | ISEE | INFO | Loaded 80 existing opportunities
2026-03-15 19:09:09,981 | ISEE | INFO | Loaded 5 existing proposals
2026-03-15 19:09:09,990 | ISEE | INFO | ======================================================================
2026-03-15 19:09:09,990 | ISEE | INFO | 🔥 ISEE - INCOME STREAM EXPANSION ENGINE
2026-03-15 19:09:09,990 | ISEE | INFO | ======================================================================
2026-03-15 19:09:09,990 | ISEE | INFO | 
📡 Starting market scan (focus: all)...
2026-03-15 19:09:09,991 | ISEE.MarketScanner | INFO |    Scanning digital-products: 4 patterns
2026-03-15 19:09:09,993 | ISEE.MarketScanner | INFO |    Scanning services: 4 patterns
2026-03-15 19:09:09,995 | ISEE.MarketScanner | INFO |    Scanning content: 4 patterns
2026-03-15 19:09:09,996 | ISEE.MarketScanner | INFO |    Scanning crypto: 3 patterns
2026-03-15 19:09:09,996 | ISEE.MarketScanner | INFO |    Scanning ai: 3 patterns
2026-03-15 19:09:09,996 | ISEE.MarketScanner | INFO |    Total discovered: 18 opportunities
2026-03-15 19:09:09,997 | ISEE | INFO | 
✅ Scan complete!
2026-03-15 19:09:09,997 | ISEE | INFO |    Discovered: 18 opportunities
2026-03-15 19:09:09,997 | ISEE | INFO |    New (unique): 18 opportunities
2026-03-15 19:09:10,007 | ISEE | INFO | 
🎯 TOP NEW OPPORTUNITIES:
2026-03-15 19:09:10,008 | ISEE | INFO |    [SERVICES] AI Agent Development Service
2026-03-15 19:09:10,010 | ISEE | INFO |       Potential: $5000/mo | Confidence: 85%
2026-03-15 19:09:10,010 | ISEE | INFO |    [AI] AI Content Generation Service
2026-03-15 19:09:10,011 | ISEE | INFO |       Potential: $2000/mo | Confidence: 85%
2026-03-15 19:09:10,011 | ISEE | INFO |    [DIGITAL-PRODUCTS] AI Automation Scripts
2026-03-15 19:09:10,011 | ISEE | INFO |       Potential: $2000/mo | Confidence: 80%
2026-03-15 19:09:10,011 | ISEE | INFO |    [SERVICES] CV/Résumé Optimization Service
2026-03-15 19:09:10,011 | ISEE | INFO |       Potential: $1500/mo | Confidence: 80%
2026-03-15 19:09:10,011 | ISEE | INFO |    [SERVICES] Automation Consulting
2026-03-15 19:09:10,011 | ISEE | INFO |       Potential: $4000/mo | Confidence: 80%
