
🚀 Swing Trader v2.3 Starting...
   Features: Break-even | Blacklist | Circuit Breaker
   Entry Mode: 🚀 BREAKOUT (buy high, sell higher)
   Trigger: Price up >= 5% from 6h ago
   Time Window: 🟢 24/7 Trading (no restrictions)

✅ Bot initialized: 8JGnzH1a...6Yc5

📂 Loaded position: PUMP1
📂 Loaded position: PUMP1
   Entry: $0.04411000
   Tokens: 949.33


📊 SESSION STATS:
   Wins: 0 | Losses: 1
   Consecutive Losses: 1


⏰ Sydney Time: 23/02/2026, 03:02:12
   Mode: 🟢 24/7 Trading (no time restrictions)
   Status: 🟢 ACTIVE


📊 Position Monitor: PUMP1
   Current: $0.04318000
   Entry: $0.04411000
   Peak: $0.04440000
   P&L: -2.11%
   From Peak: -2.75%
   Scaled: ⏳ NO
   BE Stop: ⏳ WAITING
   Remaining: 949.33 tokens

⏰ Sydney Time: 23/02/2026, 03:02:43
   Mode: 🟢 24/7 Trading (no time restrictions)
   Status: 🟢 ACTIVE


📊 Position Monitor: PUMP1
   Current: $0.04298000
   Entry: $0.04411000
   Peak: $0.04440000
   P&L: -2.56%
   From Peak: -3.20%
   Scaled: ⏳ NO
   BE Stop: ⏳ WAITING
   Remaining: 949.33 tokens

⏰ Sydney Time: 23/02/2026, 03:03:14
   Mode: 🟢 24/7 Trading (no time restrictions)
   Status: 🟢 ACTIVE


📊 Position Monitor: PUMP1
   Current: $0.04298000
   Entry: $0.04411000
   Peak: $0.04440000
   P&L: -2.56%
   From Peak: -3.20%
   Scaled: ⏳ NO
   BE Stop: ⏳ WAITING
   Remaining: 949.33 tokens

⏰ Sydney Time: 23/02/2026, 03:03:44
   Mode: 🟢 24/7 Trading (no time restrictions)
   Status: 🟢 ACTIVE


📊 Position Monitor: PUMP1
   Current: $0.04299000
   Entry: $0.04411000
   Peak: $0.04440000
   P&L: -2.54%
   From Peak: -3.18%
   Scaled: ⏳ NO
   BE Stop: ⏳ WAITING
   Remaining: 949.33 tokens

⏰ Sydney Time: 23/02/2026, 03:04:14
   Mode: 🟢 24/7 Trading (no time restrictions)
   Status: 🟢 ACTIVE


📊 Position Monitor: PUMP1
   Current: $0.04304000
   Entry: $0.04411000
   Peak: $0.04440000
   P&L: -2.43%
   From Peak: -3.06%
   Scaled: ⏳ NO
   BE Stop: ⏳ WAITING
   Remaining: 949.33 tokens

⏰ Sydney Time: 23/02/2026, 03:04:45
   Mode: 🟢 24/7 Trading (no time restrictions)
   Status: 🟢 ACTIVE


📊 Position Monitor: PUMP1
   Current: $0.04304000
   Entry: $0.04411000
   Peak: $0.04440000
   P&L: -2.43%
   From Peak: -3.06%
   Scaled: ⏳ NO
   BE Stop: ⏳ WAITING
   Remaining: 949.33 tokens

⏰ Sydney Time: 23/02/2026, 03:05:15
   Mode: 🟢 24/7 Trading (no time restrictions)
   Status: 🟢 ACTIVE


📊 Position Monitor: PUMP1
   Current: $0.04279000
   Entry: $0.04411000
   Peak: $0.04440000
   P&L: -2.99%
   From Peak: -3.63%
   Scaled: ⏳ NO
   BE Stop: ⏳ WAITING
   Remaining: 949.33 tokens

⏰ Sydney Time: 23/02/2026, 03:05:45
   Mode: 🟢 24/7 Trading (no time restrictions)
   Status: 🟢 ACTIVE


📊 Position Monitor: PUMP1
   Current: $0.04183000
   Entry: $0.04411000
   Peak: $0.04440000
   P&L: -5.17%
   From Peak: -5.79%
   Scaled: ⏳ NO
   BE Stop: ⏳ WAITING
   Remaining: 949.33 tokens

⏰ Sydney Time: 23/02/2026, 03:06:16
   Mode: 🟢 24/7 Trading (no time restrictions)
   Status: 🟢 ACTIVE


📊 Position Monitor: PUMP1
   Current: $0.04183000
   Entry: $0.04411000
   Peak: $0.04440000
   P&L: -5.17%
   From Peak: -5.79%
   Scaled: ⏳ NO
   BE Stop: ⏳ WAITING
   Remaining: 949.33 tokens

⏰ Sydney Time: 23/02/2026, 03:06:46
   Mode: 🟢 24/7 Trading (no time restrictions)
   Status: 🟢 ACTIVE


📊 Position Monitor: PUMP1
   Current: $0.04134000
   Entry: $0.04411000
   Peak: $0.04440000
   P&L: -6.28%
   From Peak: -6.89%
   Scaled: ⏳ NO
   BE Stop: ⏳ WAITING
   Remaining: 949.33 tokens

⏰ Sydney Time: 23/02/2026, 03:07:17
   Mode: 🟢 24/7 Trading (no time restrictions)
   Status: 🟢 ACTIVE


📊 Position Monitor: PUMP1
   Current: $0.04134000
   Entry: $0.04411000
   Peak: $0.04440000
   P&L: -6.28%
   From Peak: -6.89%
   Scaled: ⏳ NO
   BE Stop: ⏳ WAITING
   Remaining: 949.33 tokens

⏰ Sydney Time: 23/02/2026, 03:07:47
   Mode: 🟢 24/7 Trading (no time restrictions)
   Status: 🟢 ACTIVE


📊 Position Monitor: PUMP1
   Current: $0.04094000
   Entry: $0.04411000
   Peak: $0.04440000
   P&L: -7.19%
   From Peak: -7.79%
   Scaled: ⏳ NO
   BE Stop: ⏳ WAITING
   Remaining: 949.33 tokens

🛑 HARD STOP HIT!

🔴 SELLING ALL: PUMP1
   No balance to sell

❌ LOSS recorded (-7.00%) - loss #2
