
🚀 Swing Trader v2.3 Starting...
   Features: Break-even | Blacklist | Circuit Breaker
   Entry Mode: 🚀 BREAKOUT (buy high, sell higher)
   Trigger: Price up >= 5% from 6h ago
   Time Window: 🟢 24/7 Trading (no restrictions)

✅ Bot initialized: 8JGnzH1a...6Yc5


📊 SESSION STATS:
   Wins: 0 | Losses: 1
   Consecutive Losses: 1


⏰ Sydney Time: 23/02/2026, 00:35:24
   Mode: 🟢 24/7 Trading (no time restrictions)
   Status: 🟢 ACTIVE


🔍 Scanning for 🚀 BREAKOUT signals...

   ⏳ PUMP1 blacklisted - 15 min remaining
   No signals found


⏰ Sydney Time: 23/02/2026, 00:35:56
   Mode: 🟢 24/7 Trading (no time restrictions)
   Status: 🟢 ACTIVE


🔍 Scanning for 🚀 BREAKOUT signals...

   ⏳ PUMP1 blacklisted - 14 min remaining
   No signals found


⏰ Sydney Time: 23/02/2026, 00:36:28
   Mode: 🟢 24/7 Trading (no time restrictions)
   Status: 🟢 ACTIVE


🔍 Scanning for 🚀 BREAKOUT signals...

   ⏳ PUMP1 blacklisted - 14 min remaining
   No signals found


⏰ Sydney Time: 23/02/2026, 00:37:00
   Mode: 🟢 24/7 Trading (no time restrictions)
   Status: 🟢 ACTIVE


🔍 Scanning for 🚀 BREAKOUT signals...

   ⏳ PUMP1 blacklisted - 13 min remaining
   No signals found


⏰ Sydney Time: 23/02/2026, 00:37:33
   Mode: 🟢 24/7 Trading (no time restrictions)
   Status: 🟢 ACTIVE


🔍 Scanning for 🚀 BREAKOUT signals...

   ⏳ PUMP1 blacklisted - 13 min remaining
   No signals found


⏰ Sydney Time: 23/02/2026, 00:38:06
   Mode: 🟢 24/7 Trading (no time restrictions)
   Status: 🟢 ACTIVE


🔍 Scanning for 🚀 BREAKOUT signals...

   ⏳ PUMP1 blacklisted - 12 min remaining
   No signals found


⏰ Sydney Time: 23/02/2026, 00:38:38
   Mode: 🟢 24/7 Trading (no time restrictions)
   Status: 🟢 ACTIVE


🔍 Scanning for 🚀 BREAKOUT signals...

   ⏳ PUMP1 blacklisted - 12 min remaining
   No signals found


⏰ Sydney Time: 23/02/2026, 00:39:10
   Mode: 🟢 24/7 Trading (no time restrictions)
   Status: 🟢 ACTIVE


🔍 Scanning for 🚀 BREAKOUT signals...

   ⏳ PUMP1 blacklisted - 11 min remaining
   No signals found


⏰ Sydney Time: 23/02/2026, 00:39:41
   Mode: 🟢 24/7 Trading (no time restrictions)
   Status: 🟢 ACTIVE


🔍 Scanning for 🚀 BREAKOUT signals...

   ⏳ PUMP1 blacklisted - 11 min remaining
   No signals found


⏰ Sydney Time: 23/02/2026, 00:40:13
   Mode: 🟢 24/7 Trading (no time restrictions)
   Status: 🟢 ACTIVE


🔍 Scanning for 🚀 BREAKOUT signals...

   ⏳ PUMP1 blacklisted - 10 min remaining
   No signals found


⏰ Sydney Time: 23/02/2026, 00:40:44
   Mode: 🟢 24/7 Trading (no time restrictions)
   Status: 🟢 ACTIVE


🔍 Scanning for 🚀 BREAKOUT signals...

   ⏳ PUMP1 blacklisted - 10 min remaining
   No signals found


⏰ Sydney Time: 23/02/2026, 00:41:17
   Mode: 🟢 24/7 Trading (no time restrictions)
   Status: 🟢 ACTIVE


🔍 Scanning for 🚀 BREAKOUT signals...

   ⏳ PUMP1 blacklisted - 9 min remaining
   No signals found


⏰ Sydney Time: 23/02/2026, 00:41:49
   Mode: 🟢 24/7 Trading (no time restrictions)
   Status: 🟢 ACTIVE


🔍 Scanning for 🚀 BREAKOUT signals...

   ⏳ PUMP1 blacklisted - 8 min remaining
   No signals found


⏰ Sydney Time: 23/02/2026, 00:42:21
   Mode: 🟢 24/7 Trading (no time restrictions)
   Status: 🟢 ACTIVE


🔍 Scanning for 🚀 BREAKOUT signals...

   ⏳ PUMP1 blacklisted - 8 min remaining
   No signals found


⏰ Sydney Time: 23/02/2026, 00:42:52
   Mode: 🟢 24/7 Trading (no time restrictions)
   Status: 🟢 ACTIVE


🔍 Scanning for 🚀 BREAKOUT signals...

   ⏳ PUMP1 blacklisted - 7 min remaining
   No signals found


⏰ Sydney Time: 23/02/2026, 00:43:25
   Mode: 🟢 24/7 Trading (no time restrictions)
   Status: 🟢 ACTIVE


🔍 Scanning for 🚀 BREAKOUT signals...

   ⏳ PUMP1 blacklisted - 7 min remaining
   No signals found


⏰ Sydney Time: 23/02/2026, 00:43:57
   Mode: 🟢 24/7 Trading (no time restrictions)
   Status: 🟢 ACTIVE


🔍 Scanning for 🚀 BREAKOUT signals...

   ⏳ PUMP1 blacklisted - 6 min remaining
   No signals found


⏰ Sydney Time: 23/02/2026, 00:44:29
   Mode: 🟢 24/7 Trading (no time restrictions)
   Status: 🟢 ACTIVE


🔍 Scanning for 🚀 BREAKOUT signals...

   ⏳ PUMP1 blacklisted - 6 min remaining
   No signals found


⏰ Sydney Time: 23/02/2026, 00:45:02
   Mode: 🟢 24/7 Trading (no time restrictions)
   Status: 🟢 ACTIVE


🔍 Scanning for 🚀 BREAKOUT signals...

   ⏳ PUMP1 blacklisted - 5 min remaining
   No signals found


⏰ Sydney Time: 23/02/2026, 00:45:34
   Mode: 🟢 24/7 Trading (no time restrictions)
   Status: 🟢 ACTIVE


🔍 Scanning for 🚀 BREAKOUT signals...

   ⏳ PUMP1 blacklisted - 5 min remaining
   No signals found


⏰ Sydney Time: 23/02/2026, 00:46:06
   Mode: 🟢 24/7 Trading (no time restrictions)
   Status: 🟢 ACTIVE


🔍 Scanning for 🚀 BREAKOUT signals...

   ⏳ PUMP1 blacklisted - 4 min remaining
   No signals found


⏰ Sydney Time: 23/02/2026, 00:46:39
   Mode: 🟢 24/7 Trading (no time restrictions)
   Status: 🟢 ACTIVE


🔍 Scanning for 🚀 BREAKOUT signals...

   ⏳ PUMP1 blacklisted - 4 min remaining
   No signals found


⏰ Sydney Time: 23/02/2026, 00:47:12
   Mode: 🟢 24/7 Trading (no time restrictions)
   Status: 🟢 ACTIVE


🔍 Scanning for 🚀 BREAKOUT signals...

   ⏳ PUMP1 blacklisted - 3 min remaining
   No signals found


⏰ Sydney Time: 23/02/2026, 00:47:44
   Mode: 🟢 24/7 Trading (no time restrictions)
   Status: 🟢 ACTIVE


🔍 Scanning for 🚀 BREAKOUT signals...

   ⏳ PUMP1 blacklisted - 3 min remaining
   No signals found


⏰ Sydney Time: 23/02/2026, 00:48:16
   Mode: 🟢 24/7 Trading (no time restrictions)
   Status: 🟢 ACTIVE


🔍 Scanning for 🚀 BREAKOUT signals...

   ⏳ PUMP1 blacklisted - 2 min remaining
   No signals found


⏰ Sydney Time: 23/02/2026, 00:48:48
   Mode: 🟢 24/7 Trading (no time restrictions)
   Status: 🟢 ACTIVE


🔍 Scanning for 🚀 BREAKOUT signals...

   ⏳ PUMP1 blacklisted - 1 min remaining
   No signals found


⏰ Sydney Time: 23/02/2026, 00:49:20
   Mode: 🟢 24/7 Trading (no time restrictions)
   Status: 🟢 ACTIVE


🔍 Scanning for 🚀 BREAKOUT signals...

   ⏳ PUMP1 blacklisted - 1 min remaining
   No signals found


⏰ Sydney Time: 23/02/2026, 00:49:52
   Mode: 🟢 24/7 Trading (no time restrictions)
   Status: 🟢 ACTIVE


🔍 Scanning for 🚀 BREAKOUT signals...

   Found 1 candidate(s):

   1. PUMP1
      Price: $0.04411000
      Change: 🟢 17.57%
      Score: 8/8


🎯 STRONG SIGNAL: PUMP1 (Score: 8)
   SOL Balance: 1.2141

🟢 BUY SIGNAL: PUMP1
   Amount: 0.5 SOL
   Expected: ~949.33 PUMP1
📤 Executing Buy PUMP1...
⏳ Confirming...
✅ Buy PUMP1 complete!
   TX: https://solscan.io/tx/BweeZsJiazP9mFZgpACyMird6kYihKrvipFUQRBkuUmMbuLpa25ayYmvjg4h2KMocWCDBH55HzvAsvsd1MgtGgu

⏰ Sydney Time: 23/02/2026, 00:50:28
   Mode: 🟢 24/7 Trading (no time restrictions)
   Status: 🟢 ACTIVE


📊 Position Monitor: PUMP1
   Current: $0.04399000
   Entry: $0.04411000
   Peak: $0.04411000
   P&L: -0.27%
   From Peak: -0.27%
   Scaled: ⏳ NO
   BE Stop: ⏳ WAITING
   Remaining: 949.33 tokens

⏰ Sydney Time: 23/02/2026, 00:50:58
   Mode: 🟢 24/7 Trading (no time restrictions)
   Status: 🟢 ACTIVE


📊 Position Monitor: PUMP1
   Current: $0.04397000
   Entry: $0.04411000
   Peak: $0.04411000
   P&L: -0.32%
   From Peak: -0.32%
   Scaled: ⏳ NO
   BE Stop: ⏳ WAITING
   Remaining: 949.33 tokens

⏰ Sydney Time: 23/02/2026, 00:51:29
   Mode: 🟢 24/7 Trading (no time restrictions)
   Status: 🟢 ACTIVE


📊 Position Monitor: PUMP1
   Current: $0.04397000
   Entry: $0.04411000
   Peak: $0.04411000
   P&L: -0.32%
   From Peak: -0.32%
   Scaled: ⏳ NO
   BE Stop: ⏳ WAITING
   Remaining: 949.33 tokens

⏰ Sydney Time: 23/02/2026, 00:51:59
   Mode: 🟢 24/7 Trading (no time restrictions)
   Status: 🟢 ACTIVE


📊 Position Monitor: PUMP1
   Current: $0.04342000
   Entry: $0.04411000
   Peak: $0.04411000
   P&L: -1.56%
   From Peak: -1.56%
   Scaled: ⏳ NO
   BE Stop: ⏳ WAITING
   Remaining: 949.33 tokens

⏰ Sydney Time: 23/02/2026, 00:52:30
   Mode: 🟢 24/7 Trading (no time restrictions)
   Status: 🟢 ACTIVE


📊 Position Monitor: PUMP1
   Current: $0.04342000
   Entry: $0.04411000
   Peak: $0.04411000
   P&L: -1.56%
   From Peak: -1.56%
   Scaled: ⏳ NO
   BE Stop: ⏳ WAITING
   Remaining: 949.33 tokens

⏰ Sydney Time: 23/02/2026, 00:53:00
   Mode: 🟢 24/7 Trading (no time restrictions)
   Status: 🟢 ACTIVE


📊 Position Monitor: PUMP1
   Current: $0.04317000
   Entry: $0.04411000
   Peak: $0.04411000
   P&L: -2.13%
   From Peak: -2.13%
   Scaled: ⏳ NO
   BE Stop: ⏳ WAITING
   Remaining: 949.33 tokens

⏰ Sydney Time: 23/02/2026, 00:53:31
   Mode: 🟢 24/7 Trading (no time restrictions)
   Status: 🟢 ACTIVE


📊 Position Monitor: PUMP1
   Current: $0.04317000
   Entry: $0.04411000
   Peak: $0.04411000
   P&L: -2.13%
   From Peak: -2.13%
   Scaled: ⏳ NO
   BE Stop: ⏳ WAITING
   Remaining: 949.33 tokens

⏰ Sydney Time: 23/02/2026, 00:54:01
   Mode: 🟢 24/7 Trading (no time restrictions)
   Status: 🟢 ACTIVE


📊 Position Monitor: PUMP1
   Current: $0.04389000
   Entry: $0.04411000
   Peak: $0.04411000
   P&L: -0.50%
   From Peak: -0.50%
   Scaled: ⏳ NO
   BE Stop: ⏳ WAITING
   Remaining: 949.33 tokens

⏰ Sydney Time: 23/02/2026, 00:54:32
   Mode: 🟢 24/7 Trading (no time restrictions)
   Status: 🟢 ACTIVE


📊 Position Monitor: PUMP1
   Current: $0.04389000
   Entry: $0.04411000
   Peak: $0.04411000
   P&L: -0.50%
   From Peak: -0.50%
   Scaled: ⏳ NO
   BE Stop: ⏳ WAITING
   Remaining: 949.33 tokens

⏰ Sydney Time: 23/02/2026, 00:55:02
   Mode: 🟢 24/7 Trading (no time restrictions)
   Status: 🟢 ACTIVE


📊 Position Monitor: PUMP1
   Current: $0.04326000
   Entry: $0.04411000
   Peak: $0.04411000
   P&L: -1.93%
   From Peak: -1.93%
   Scaled: ⏳ NO
   BE Stop: ⏳ WAITING
   Remaining: 949.33 tokens

⏰ Sydney Time: 23/02/2026, 00:55:33
   Mode: 🟢 24/7 Trading (no time restrictions)
   Status: 🟢 ACTIVE


📊 Position Monitor: PUMP1
   Current: $0.04326000
   Entry: $0.04411000
   Peak: $0.04411000
   P&L: -1.93%
   From Peak: -1.93%
   Scaled: ⏳ NO
   BE Stop: ⏳ WAITING
   Remaining: 949.33 tokens

⏰ Sydney Time: 23/02/2026, 00:56:03
   Mode: 🟢 24/7 Trading (no time restrictions)
   Status: 🟢 ACTIVE


📊 Position Monitor: PUMP1
   Current: $0.04319000
   Entry: $0.04411000
   Peak: $0.04411000
   P&L: -2.09%
   From Peak: -2.09%
   Scaled: ⏳ NO
   BE Stop: ⏳ WAITING
   Remaining: 949.33 tokens

⏰ Sydney Time: 23/02/2026, 00:56:33
   Mode: 🟢 24/7 Trading (no time restrictions)
   Status: 🟢 ACTIVE


📊 Position Monitor: PUMP1
   Current: $0.04354000
   Entry: $0.04411000
   Peak: $0.04411000
   P&L: -1.29%
   From Peak: -1.29%
   Scaled: ⏳ NO
   BE Stop: ⏳ WAITING
   Remaining: 949.33 tokens

⏰ Sydney Time: 23/02/2026, 00:57:04
   Mode: 🟢 24/7 Trading (no time restrictions)
   Status: 🟢 ACTIVE


📊 Position Monitor: PUMP1
   Current: $0.04354000
   Entry: $0.04411000
   Peak: $0.04411000
   P&L: -1.29%
   From Peak: -1.29%
   Scaled: ⏳ NO
   BE Stop: ⏳ WAITING
   Remaining: 949.33 tokens

⏰ Sydney Time: 23/02/2026, 00:57:34
   Mode: 🟢 24/7 Trading (no time restrictions)
   Status: 🟢 ACTIVE


📊 Position Monitor: PUMP1
   Current: $0.04303000
   Entry: $0.04411000
   Peak: $0.04411000
   P&L: -2.45%
   From Peak: -2.45%
   Scaled: ⏳ NO
   BE Stop: ⏳ WAITING
   Remaining: 949.33 tokens

⏰ Sydney Time: 23/02/2026, 00:58:05
   Mode: 🟢 24/7 Trading (no time restrictions)
   Status: 🟢 ACTIVE


📊 Position Monitor: PUMP1
   Current: $0.04303000
   Entry: $0.04411000
   Peak: $0.04411000
   P&L: -2.45%
   From Peak: -2.45%
   Scaled: ⏳ NO
   BE Stop: ⏳ WAITING
   Remaining: 949.33 tokens

⏰ Sydney Time: 23/02/2026, 00:58:35
   Mode: 🟢 24/7 Trading (no time restrictions)
   Status: 🟢 ACTIVE


📊 Position Monitor: PUMP1
   Current: $0.04307000
   Entry: $0.04411000
   Peak: $0.04411000
   P&L: -2.36%
   From Peak: -2.36%
   Scaled: ⏳ NO
   BE Stop: ⏳ WAITING
   Remaining: 949.33 tokens

⏰ Sydney Time: 23/02/2026, 00:59:05
   Mode: 🟢 24/7 Trading (no time restrictions)
   Status: 🟢 ACTIVE


📊 Position Monitor: PUMP1
   Current: $0.04307000
   Entry: $0.04411000
   Peak: $0.04411000
   P&L: -2.36%
   From Peak: -2.36%
   Scaled: ⏳ NO
   BE Stop: ⏳ WAITING
   Remaining: 949.33 tokens

⏰ Sydney Time: 23/02/2026, 00:59:36
   Mode: 🟢 24/7 Trading (no time restrictions)
   Status: 🟢 ACTIVE


📊 Position Monitor: PUMP1
   Current: $0.04278000
   Entry: $0.04411000
   Peak: $0.04411000
   P&L: -3.02%
   From Peak: -3.02%
   Scaled: ⏳ NO
   BE Stop: ⏳ WAITING
   Remaining: 949.33 tokens

⏰ Sydney Time: 23/02/2026, 01:00:06
   Mode: 🟢 24/7 Trading (no time restrictions)
   Status: 🟢 ACTIVE


📊 Position Monitor: PUMP1
   Current: $0.04281000
   Entry: $0.04411000
   Peak: $0.04411000
   P&L: -2.95%
   From Peak: -2.95%
   Scaled: ⏳ NO
   BE Stop: ⏳ WAITING
   Remaining: 949.33 tokens

⏰ Sydney Time: 23/02/2026, 01:00:37
   Mode: 🟢 24/7 Trading (no time restrictions)
   Status: 🟢 ACTIVE


📊 Position Monitor: PUMP1
   Current: $0.04281000
   Entry: $0.04411000
   Peak: $0.04411000
   P&L: -2.95%
   From Peak: -2.95%
   Scaled: ⏳ NO
   BE Stop: ⏳ WAITING
   Remaining: 949.33 tokens

⏰ Sydney Time: 23/02/2026, 01:01:07
   Mode: 🟢 24/7 Trading (no time restrictions)
   Status: 🟢 ACTIVE


📊 Position Monitor: PUMP1
   Current: $0.04271000
   Entry: $0.04411000
   Peak: $0.04411000
   P&L: -3.17%
   From Peak: -3.17%
   Scaled: ⏳ NO
   BE Stop: ⏳ WAITING
   Remaining: 949.33 tokens

⏰ Sydney Time: 23/02/2026, 01:01:37
   Mode: 🟢 24/7 Trading (no time restrictions)
   Status: 🟢 ACTIVE


📊 Position Monitor: PUMP1
   Current: $0.04280000
   Entry: $0.04411000
   Peak: $0.04411000
   P&L: -2.97%
   From Peak: -2.97%
   Scaled: ⏳ NO
   BE Stop: ⏳ WAITING
   Remaining: 949.33 tokens

⏰ Sydney Time: 23/02/2026, 01:02:08
   Mode: 🟢 24/7 Trading (no time restrictions)
   Status: 🟢 ACTIVE


📊 Position Monitor: PUMP1
   Current: $0.04280000
   Entry: $0.04411000
   Peak: $0.04411000
   P&L: -2.97%
   From Peak: -2.97%
   Scaled: ⏳ NO
   BE Stop: ⏳ WAITING
   Remaining: 949.33 tokens

⏰ Sydney Time: 23/02/2026, 01:02:38
   Mode: 🟢 24/7 Trading (no time restrictions)
   Status: 🟢 ACTIVE


📊 Position Monitor: PUMP1
   Current: $0.04257000
   Entry: $0.04411000
   Peak: $0.04411000
   P&L: -3.49%
   From Peak: -3.49%
   Scaled: ⏳ NO
   BE Stop: ⏳ WAITING
   Remaining: 949.33 tokens

⏰ Sydney Time: 23/02/2026, 01:03:08
   Mode: 🟢 24/7 Trading (no time restrictions)
   Status: 🟢 ACTIVE


📊 Position Monitor: PUMP1
   Current: $0.04304000
   Entry: $0.04411000
   Peak: $0.04411000
   P&L: -2.43%
   From Peak: -2.43%
   Scaled: ⏳ NO
   BE Stop: ⏳ WAITING
   Remaining: 949.33 tokens

⏰ Sydney Time: 23/02/2026, 01:03:38
   Mode: 🟢 24/7 Trading (no time restrictions)
   Status: 🟢 ACTIVE


📊 Position Monitor: PUMP1
   Current: $0.04304000
   Entry: $0.04411000
   Peak: $0.04411000
   P&L: -2.43%
   From Peak: -2.43%
   Scaled: ⏳ NO
   BE Stop: ⏳ WAITING
   Remaining: 949.33 tokens

⏰ Sydney Time: 23/02/2026, 01:04:09
   Mode: 🟢 24/7 Trading (no time restrictions)
   Status: 🟢 ACTIVE


📊 Position Monitor: PUMP1
   Current: $0.04321000
   Entry: $0.04411000
   Peak: $0.04411000
   P&L: -2.04%
   From Peak: -2.04%
   Scaled: ⏳ NO
   BE Stop: ⏳ WAITING
   Remaining: 949.33 tokens

⏰ Sydney Time: 23/02/2026, 01:04:39
   Mode: 🟢 24/7 Trading (no time restrictions)
   Status: 🟢 ACTIVE


📊 Position Monitor: PUMP1
   Current: $0.04321000
   Entry: $0.04411000
   Peak: $0.04411000
   P&L: -2.04%
   From Peak: -2.04%
   Scaled: ⏳ NO
   BE Stop: ⏳ WAITING
   Remaining: 949.33 tokens

⏰ Sydney Time: 23/02/2026, 01:05:09
   Mode: 🟢 24/7 Trading (no time restrictions)
   Status: 🟢 ACTIVE


📊 Position Monitor: PUMP1
   Current: $0.04286000
   Entry: $0.04411000
   Peak: $0.04411000
   P&L: -2.83%
   From Peak: -2.83%
   Scaled: ⏳ NO
   BE Stop: ⏳ WAITING
   Remaining: 949.33 tokens
