
🚀 Swing Trader v2.3 Starting...
   Features: Break-even | Blacklist | Circuit Breaker
   Entry Mode: 🚀 BREAKOUT (buy high, sell higher)
   Trigger: Price up >= 5% from 6h ago
   Time Window: 🟢 24/7 Trading (no restrictions)

✅ Bot initialized: 8JGnzH1a...6Yc5

📂 Loaded position: PUMP1
📂 Loaded position: PUMP1
   Entry: $0.04411000
   Tokens: 949.33


📊 SESSION STATS:
   Wins: 0 | Losses: 1
   Consecutive Losses: 1


⏰ Sydney Time: 23/02/2026, 02:22:38
   Mode: 🟢 24/7 Trading (no time restrictions)
   Status: 🟢 ACTIVE


📊 Position Monitor: PUMP1
   Current: $0.04409000
   Entry: $0.04411000
   Peak: $0.04411000
   P&L: -0.05%
   From Peak: -0.05%
   Scaled: ⏳ NO
   BE Stop: ⏳ WAITING
   Remaining: 949.33 tokens

⏰ Sydney Time: 23/02/2026, 02:23:09
   Mode: 🟢 24/7 Trading (no time restrictions)
   Status: 🟢 ACTIVE


📊 Position Monitor: PUMP1
   Current: $0.04409000
   Entry: $0.04411000
   Peak: $0.04411000
   P&L: -0.05%
   From Peak: -0.05%
   Scaled: ⏳ NO
   BE Stop: ⏳ WAITING
   Remaining: 949.33 tokens

⏰ Sydney Time: 23/02/2026, 02:23:39
   Mode: 🟢 24/7 Trading (no time restrictions)
   Status: 🟢 ACTIVE


📊 Position Monitor: PUMP1
   Current: $0.04386000
   Entry: $0.04411000
   Peak: $0.04411000
   P&L: -0.57%
   From Peak: -0.57%
   Scaled: ⏳ NO
   BE Stop: ⏳ WAITING
   Remaining: 949.33 tokens

⏰ Sydney Time: 23/02/2026, 02:24:09
   Mode: 🟢 24/7 Trading (no time restrictions)
   Status: 🟢 ACTIVE


📊 Position Monitor: PUMP1
   Current: $0.04386000
   Entry: $0.04411000
   Peak: $0.04411000
   P&L: -0.57%
   From Peak: -0.57%
   Scaled: ⏳ NO
   BE Stop: ⏳ WAITING
   Remaining: 949.33 tokens

⏰ Sydney Time: 23/02/2026, 02:24:39
   Mode: 🟢 24/7 Trading (no time restrictions)
   Status: 🟢 ACTIVE


📊 Position Monitor: PUMP1
   Current: $0.04387000
   Entry: $0.04411000
   Peak: $0.04411000
   P&L: -0.54%
   From Peak: -0.54%
   Scaled: ⏳ NO
   BE Stop: ⏳ WAITING
   Remaining: 949.33 tokens

⏰ Sydney Time: 23/02/2026, 02:25:10
   Mode: 🟢 24/7 Trading (no time restrictions)
   Status: 🟢 ACTIVE


📊 Position Monitor: PUMP1
   Current: $0.04387000
   Entry: $0.04411000
   Peak: $0.04411000
   P&L: -0.54%
   From Peak: -0.54%
   Scaled: ⏳ NO
   BE Stop: ⏳ WAITING
   Remaining: 949.33 tokens

⏰ Sydney Time: 23/02/2026, 02:25:40
   Mode: 🟢 24/7 Trading (no time restrictions)
   Status: 🟢 ACTIVE


📊 Position Monitor: PUMP1
   Current: $0.04383000
   Entry: $0.04411000
   Peak: $0.04411000
   P&L: -0.63%
   From Peak: -0.63%
   Scaled: ⏳ NO
   BE Stop: ⏳ WAITING
   Remaining: 949.33 tokens

⏰ Sydney Time: 23/02/2026, 02:26:11
   Mode: 🟢 24/7 Trading (no time restrictions)
   Status: 🟢 ACTIVE


📊 Position Monitor: PUMP1
   Current: $0.04383000
   Entry: $0.04411000
   Peak: $0.04411000
   P&L: -0.63%
   From Peak: -0.63%
   Scaled: ⏳ NO
   BE Stop: ⏳ WAITING
   Remaining: 949.33 tokens

⏰ Sydney Time: 23/02/2026, 02:26:41
   Mode: 🟢 24/7 Trading (no time restrictions)
   Status: 🟢 ACTIVE


📊 Position Monitor: PUMP1
   Current: $0.04408000
   Entry: $0.04411000
   Peak: $0.04411000
   P&L: -0.07%
   From Peak: -0.07%
   Scaled: ⏳ NO
   BE Stop: ⏳ WAITING
   Remaining: 949.33 tokens

⏰ Sydney Time: 23/02/2026, 02:27:11
   Mode: 🟢 24/7 Trading (no time restrictions)
   Status: 🟢 ACTIVE


📊 Position Monitor: PUMP1
   Current: $0.04408000
   Entry: $0.04411000
   Peak: $0.04411000
   P&L: -0.07%
   From Peak: -0.07%
   Scaled: ⏳ NO
   BE Stop: ⏳ WAITING
   Remaining: 949.33 tokens

⏰ Sydney Time: 23/02/2026, 02:27:42
   Mode: 🟢 24/7 Trading (no time restrictions)
   Status: 🟢 ACTIVE


📊 Position Monitor: PUMP1
   Current: $0.04410000
   Entry: $0.04411000
   Peak: $0.04411000
   P&L: -0.02%
   From Peak: -0.02%
   Scaled: ⏳ NO
   BE Stop: ⏳ WAITING
   Remaining: 949.33 tokens

⏰ Sydney Time: 23/02/2026, 02:28:12
   Mode: 🟢 24/7 Trading (no time restrictions)
   Status: 🟢 ACTIVE


📊 Position Monitor: PUMP1
   Current: $0.04410000
   Entry: $0.04411000
   Peak: $0.04411000
   P&L: -0.02%
   From Peak: -0.02%
   Scaled: ⏳ NO
   BE Stop: ⏳ WAITING
   Remaining: 949.33 tokens

⏰ Sydney Time: 23/02/2026, 02:28:42
   Mode: 🟢 24/7 Trading (no time restrictions)
   Status: 🟢 ACTIVE


📊 Position Monitor: PUMP1
   Current: $0.04404000
   Entry: $0.04411000
   Peak: $0.04411000
   P&L: -0.16%
   From Peak: -0.16%
   Scaled: ⏳ NO
   BE Stop: ⏳ WAITING
   Remaining: 949.33 tokens

⏰ Sydney Time: 23/02/2026, 02:29:13
   Mode: 🟢 24/7 Trading (no time restrictions)
   Status: 🟢 ACTIVE


📊 Position Monitor: PUMP1
   Current: $0.04404000
   Entry: $0.04411000
   Peak: $0.04411000
   P&L: -0.16%
   From Peak: -0.16%
   Scaled: ⏳ NO
   BE Stop: ⏳ WAITING
   Remaining: 949.33 tokens

⏰ Sydney Time: 23/02/2026, 02:29:43
   Mode: 🟢 24/7 Trading (no time restrictions)
   Status: 🟢 ACTIVE


📊 Position Monitor: PUMP1
   Current: $0.04382000
   Entry: $0.04411000
   Peak: $0.04411000
   P&L: -0.66%
   From Peak: -0.66%
   Scaled: ⏳ NO
   BE Stop: ⏳ WAITING
   Remaining: 949.33 tokens

⏰ Sydney Time: 23/02/2026, 02:30:13
   Mode: 🟢 24/7 Trading (no time restrictions)
   Status: 🟢 ACTIVE


📊 Position Monitor: PUMP1
   Current: $0.04382000
   Entry: $0.04411000
   Peak: $0.04411000
   P&L: -0.66%
   From Peak: -0.66%
   Scaled: ⏳ NO
   BE Stop: ⏳ WAITING
   Remaining: 949.33 tokens

⏰ Sydney Time: 23/02/2026, 02:30:44
   Mode: 🟢 24/7 Trading (no time restrictions)
   Status: 🟢 ACTIVE


📊 Position Monitor: PUMP1
   Current: $0.04412000
   Entry: $0.04411000
   Peak: $0.04412000
   P&L: 0.02%
   From Peak: 0.00%
   Scaled: ⏳ NO
   BE Stop: ⏳ WAITING
   Remaining: 949.33 tokens

⏰ Sydney Time: 23/02/2026, 02:31:14
   Mode: 🟢 24/7 Trading (no time restrictions)
   Status: 🟢 ACTIVE


📊 Position Monitor: PUMP1
   Current: $0.04440000
   Entry: $0.04411000
   Peak: $0.04440000
   P&L: 0.66%
   From Peak: 0.00%
   Scaled: ⏳ NO
   BE Stop: ⏳ WAITING
   Remaining: 949.33 tokens

⏰ Sydney Time: 23/02/2026, 02:31:44
   Mode: 🟢 24/7 Trading (no time restrictions)
   Status: 🟢 ACTIVE


📊 Position Monitor: PUMP1
   Current: $0.04440000
   Entry: $0.04411000
   Peak: $0.04440000
   P&L: 0.66%
   From Peak: 0.00%
   Scaled: ⏳ NO
   BE Stop: ⏳ WAITING
   Remaining: 949.33 tokens

⏰ Sydney Time: 23/02/2026, 02:32:14
   Mode: 🟢 24/7 Trading (no time restrictions)
   Status: 🟢 ACTIVE


📊 Position Monitor: PUMP1
   Current: $0.04439000
   Entry: $0.04411000
   Peak: $0.04440000
   P&L: 0.63%
   From Peak: -0.02%
   Scaled: ⏳ NO
   BE Stop: ⏳ WAITING
   Remaining: 949.33 tokens

⏰ Sydney Time: 23/02/2026, 02:32:45
   Mode: 🟢 24/7 Trading (no time restrictions)
   Status: 🟢 ACTIVE


📊 Position Monitor: PUMP1
   Current: $0.04439000
   Entry: $0.04411000
   Peak: $0.04440000
   P&L: 0.63%
   From Peak: -0.02%
   Scaled: ⏳ NO
   BE Stop: ⏳ WAITING
   Remaining: 949.33 tokens

⏰ Sydney Time: 23/02/2026, 02:33:15
   Mode: 🟢 24/7 Trading (no time restrictions)
   Status: 🟢 ACTIVE


📊 Position Monitor: PUMP1
   Current: $0.04439000
   Entry: $0.04411000
   Peak: $0.04440000
   P&L: 0.63%
   From Peak: -0.02%
   Scaled: ⏳ NO
   BE Stop: ⏳ WAITING
   Remaining: 949.33 tokens

⏰ Sydney Time: 23/02/2026, 02:33:45
   Mode: 🟢 24/7 Trading (no time restrictions)
   Status: 🟢 ACTIVE


📊 Position Monitor: PUMP1
   Current: $0.04424000
   Entry: $0.04411000
   Peak: $0.04440000
   P&L: 0.29%
   From Peak: -0.36%
   Scaled: ⏳ NO
   BE Stop: ⏳ WAITING
   Remaining: 949.33 tokens

⏰ Sydney Time: 23/02/2026, 02:34:16
   Mode: 🟢 24/7 Trading (no time restrictions)
   Status: 🟢 ACTIVE


📊 Position Monitor: PUMP1
   Current: $0.04424000
   Entry: $0.04411000
   Peak: $0.04440000
   P&L: 0.29%
   From Peak: -0.36%
   Scaled: ⏳ NO
   BE Stop: ⏳ WAITING
   Remaining: 949.33 tokens

⏰ Sydney Time: 23/02/2026, 02:34:46
   Mode: 🟢 24/7 Trading (no time restrictions)
   Status: 🟢 ACTIVE


📊 Position Monitor: PUMP1
   Current: $0.04439000
   Entry: $0.04411000
   Peak: $0.04440000
   P&L: 0.63%
   From Peak: -0.02%
   Scaled: ⏳ NO
   BE Stop: ⏳ WAITING
   Remaining: 949.33 tokens

⏰ Sydney Time: 23/02/2026, 02:35:17
   Mode: 🟢 24/7 Trading (no time restrictions)
   Status: 🟢 ACTIVE


📊 Position Monitor: PUMP1
   Current: $0.04439000
   Entry: $0.04411000
   Peak: $0.04440000
   P&L: 0.63%
   From Peak: -0.02%
   Scaled: ⏳ NO
   BE Stop: ⏳ WAITING
   Remaining: 949.33 tokens

⏰ Sydney Time: 23/02/2026, 02:35:47
   Mode: 🟢 24/7 Trading (no time restrictions)
   Status: 🟢 ACTIVE


📊 Position Monitor: PUMP1
   Current: $0.04409000
   Entry: $0.04411000
   Peak: $0.04440000
   P&L: -0.05%
   From Peak: -0.70%
   Scaled: ⏳ NO
   BE Stop: ⏳ WAITING
   Remaining: 949.33 tokens

⏰ Sydney Time: 23/02/2026, 02:36:17
   Mode: 🟢 24/7 Trading (no time restrictions)
   Status: 🟢 ACTIVE


📊 Position Monitor: PUMP1
   Current: $0.04432000
   Entry: $0.04411000
   Peak: $0.04440000
   P&L: 0.48%
   From Peak: -0.18%
   Scaled: ⏳ NO
   BE Stop: ⏳ WAITING
   Remaining: 949.33 tokens

⏰ Sydney Time: 23/02/2026, 02:36:48
   Mode: 🟢 24/7 Trading (no time restrictions)
   Status: 🟢 ACTIVE


📊 Position Monitor: PUMP1
   Current: $0.04432000
   Entry: $0.04411000
   Peak: $0.04440000
   P&L: 0.48%
   From Peak: -0.18%
   Scaled: ⏳ NO
   BE Stop: ⏳ WAITING
   Remaining: 949.33 tokens

⏰ Sydney Time: 23/02/2026, 02:37:18
   Mode: 🟢 24/7 Trading (no time restrictions)
   Status: 🟢 ACTIVE


📊 Position Monitor: PUMP1
   Current: $0.04381000
   Entry: $0.04411000
   Peak: $0.04440000
   P&L: -0.68%
   From Peak: -1.33%
   Scaled: ⏳ NO
   BE Stop: ⏳ WAITING
   Remaining: 949.33 tokens

⏰ Sydney Time: 23/02/2026, 02:37:48
   Mode: 🟢 24/7 Trading (no time restrictions)
   Status: 🟢 ACTIVE


📊 Position Monitor: PUMP1
   Current: $0.04381000
   Entry: $0.04411000
   Peak: $0.04440000
   P&L: -0.68%
   From Peak: -1.33%
   Scaled: ⏳ NO
   BE Stop: ⏳ WAITING
   Remaining: 949.33 tokens

⏰ Sydney Time: 23/02/2026, 02:38:18
   Mode: 🟢 24/7 Trading (no time restrictions)
   Status: 🟢 ACTIVE


📊 Position Monitor: PUMP1
   Current: $0.04402000
   Entry: $0.04411000
   Peak: $0.04440000
   P&L: -0.20%
   From Peak: -0.86%
   Scaled: ⏳ NO
   BE Stop: ⏳ WAITING
   Remaining: 949.33 tokens

⏰ Sydney Time: 23/02/2026, 02:38:49
   Mode: 🟢 24/7 Trading (no time restrictions)
   Status: 🟢 ACTIVE


📊 Position Monitor: PUMP1
   Current: $0.04402000
   Entry: $0.04411000
   Peak: $0.04440000
   P&L: -0.20%
   From Peak: -0.86%
   Scaled: ⏳ NO
   BE Stop: ⏳ WAITING
   Remaining: 949.33 tokens

⏰ Sydney Time: 23/02/2026, 02:39:19
   Mode: 🟢 24/7 Trading (no time restrictions)
   Status: 🟢 ACTIVE


📊 Position Monitor: PUMP1
   Current: $0.04397000
   Entry: $0.04411000
   Peak: $0.04440000
   P&L: -0.32%
   From Peak: -0.97%
   Scaled: ⏳ NO
   BE Stop: ⏳ WAITING
   Remaining: 949.33 tokens

⏰ Sydney Time: 23/02/2026, 02:39:49
   Mode: 🟢 24/7 Trading (no time restrictions)
   Status: 🟢 ACTIVE


📊 Position Monitor: PUMP1
   Current: $0.04385000
   Entry: $0.04411000
   Peak: $0.04440000
   P&L: -0.59%
   From Peak: -1.24%
   Scaled: ⏳ NO
   BE Stop: ⏳ WAITING
   Remaining: 949.33 tokens

⏰ Sydney Time: 23/02/2026, 02:40:20
   Mode: 🟢 24/7 Trading (no time restrictions)
   Status: 🟢 ACTIVE


📊 Position Monitor: PUMP1
   Current: $0.04385000
   Entry: $0.04411000
   Peak: $0.04440000
   P&L: -0.59%
   From Peak: -1.24%
   Scaled: ⏳ NO
   BE Stop: ⏳ WAITING
   Remaining: 949.33 tokens

⏰ Sydney Time: 23/02/2026, 02:40:50
   Mode: 🟢 24/7 Trading (no time restrictions)
   Status: 🟢 ACTIVE


📊 Position Monitor: PUMP1
   Current: $0.04392000
   Entry: $0.04411000
   Peak: $0.04440000
   P&L: -0.43%
   From Peak: -1.08%
   Scaled: ⏳ NO
   BE Stop: ⏳ WAITING
   Remaining: 949.33 tokens

⏰ Sydney Time: 23/02/2026, 02:41:20
   Mode: 🟢 24/7 Trading (no time restrictions)
   Status: 🟢 ACTIVE


📊 Position Monitor: PUMP1
   Current: $0.04369000
   Entry: $0.04411000
   Peak: $0.04440000
   P&L: -0.95%
   From Peak: -1.60%
   Scaled: ⏳ NO
   BE Stop: ⏳ WAITING
   Remaining: 949.33 tokens

⏰ Sydney Time: 23/02/2026, 02:41:51
   Mode: 🟢 24/7 Trading (no time restrictions)
   Status: 🟢 ACTIVE


📊 Position Monitor: PUMP1
   Current: $0.04369000
   Entry: $0.04411000
   Peak: $0.04440000
   P&L: -0.95%
   From Peak: -1.60%
   Scaled: ⏳ NO
   BE Stop: ⏳ WAITING
   Remaining: 949.33 tokens

⏰ Sydney Time: 23/02/2026, 02:42:21
   Mode: 🟢 24/7 Trading (no time restrictions)
   Status: 🟢 ACTIVE


📊 Position Monitor: PUMP1
   Current: $0.04395000
   Entry: $0.04411000
   Peak: $0.04440000
   P&L: -0.36%
   From Peak: -1.01%
   Scaled: ⏳ NO
   BE Stop: ⏳ WAITING
   Remaining: 949.33 tokens

⏰ Sydney Time: 23/02/2026, 02:42:51
   Mode: 🟢 24/7 Trading (no time restrictions)
   Status: 🟢 ACTIVE


📊 Position Monitor: PUMP1
   Current: $0.04361000
   Entry: $0.04411000
   Peak: $0.04440000
   P&L: -1.13%
   From Peak: -1.78%
   Scaled: ⏳ NO
   BE Stop: ⏳ WAITING
   Remaining: 949.33 tokens

⏰ Sydney Time: 23/02/2026, 02:43:21
   Mode: 🟢 24/7 Trading (no time restrictions)
   Status: 🟢 ACTIVE


📊 Position Monitor: PUMP1
   Current: $0.04361000
   Entry: $0.04411000
   Peak: $0.04440000
   P&L: -1.13%
   From Peak: -1.78%
   Scaled: ⏳ NO
   BE Stop: ⏳ WAITING
   Remaining: 949.33 tokens

⏰ Sydney Time: 23/02/2026, 02:43:51
   Mode: 🟢 24/7 Trading (no time restrictions)
   Status: 🟢 ACTIVE


📊 Position Monitor: PUMP1
   Current: $0.04349000
   Entry: $0.04411000
   Peak: $0.04440000
   P&L: -1.41%
   From Peak: -2.05%
   Scaled: ⏳ NO
   BE Stop: ⏳ WAITING
   Remaining: 949.33 tokens

⏰ Sydney Time: 23/02/2026, 02:44:22
   Mode: 🟢 24/7 Trading (no time restrictions)
   Status: 🟢 ACTIVE


📊 Position Monitor: PUMP1
   Current: $0.04349000
   Entry: $0.04411000
   Peak: $0.04440000
   P&L: -1.41%
   From Peak: -2.05%
   Scaled: ⏳ NO
   BE Stop: ⏳ WAITING
   Remaining: 949.33 tokens

⏰ Sydney Time: 23/02/2026, 02:44:52
   Mode: 🟢 24/7 Trading (no time restrictions)
   Status: 🟢 ACTIVE


📊 Position Monitor: PUMP1
   Current: $0.04382000
   Entry: $0.04411000
   Peak: $0.04440000
   P&L: -0.66%
   From Peak: -1.31%
   Scaled: ⏳ NO
   BE Stop: ⏳ WAITING
   Remaining: 949.33 tokens

⏰ Sydney Time: 23/02/2026, 02:45:23
   Mode: 🟢 24/7 Trading (no time restrictions)
   Status: 🟢 ACTIVE


📊 Position Monitor: PUMP1
   Current: $0.04382000
   Entry: $0.04411000
   Peak: $0.04440000
   P&L: -0.66%
   From Peak: -1.31%
   Scaled: ⏳ NO
   BE Stop: ⏳ WAITING
   Remaining: 949.33 tokens

⏰ Sydney Time: 23/02/2026, 02:45:53
   Mode: 🟢 24/7 Trading (no time restrictions)
   Status: 🟢 ACTIVE


📊 Position Monitor: PUMP1
   Current: $0.04370000
   Entry: $0.04411000
   Peak: $0.04440000
   P&L: -0.93%
   From Peak: -1.58%
   Scaled: ⏳ NO
   BE Stop: ⏳ WAITING
   Remaining: 949.33 tokens

⏰ Sydney Time: 23/02/2026, 02:46:23
   Mode: 🟢 24/7 Trading (no time restrictions)
   Status: 🟢 ACTIVE


📊 Position Monitor: PUMP1
   Current: $0.04411000
   Entry: $0.04411000
   Peak: $0.04440000
   P&L: 0.00%
   From Peak: -0.65%
   Scaled: ⏳ NO
   BE Stop: ⏳ WAITING
   Remaining: 949.33 tokens

⏰ Sydney Time: 23/02/2026, 02:46:54
   Mode: 🟢 24/7 Trading (no time restrictions)
   Status: 🟢 ACTIVE


📊 Position Monitor: PUMP1
   Current: $0.04411000
   Entry: $0.04411000
   Peak: $0.04440000
   P&L: 0.00%
   From Peak: -0.65%
   Scaled: ⏳ NO
   BE Stop: ⏳ WAITING
   Remaining: 949.33 tokens

⏰ Sydney Time: 23/02/2026, 02:47:24
   Mode: 🟢 24/7 Trading (no time restrictions)
   Status: 🟢 ACTIVE


📊 Position Monitor: PUMP1
   Current: $0.04417000
   Entry: $0.04411000
   Peak: $0.04440000
   P&L: 0.14%
   From Peak: -0.52%
   Scaled: ⏳ NO
   BE Stop: ⏳ WAITING
   Remaining: 949.33 tokens

⏰ Sydney Time: 23/02/2026, 02:47:54
   Mode: 🟢 24/7 Trading (no time restrictions)
   Status: 🟢 ACTIVE


📊 Position Monitor: PUMP1
   Current: $0.04417000
   Entry: $0.04411000
   Peak: $0.04440000
   P&L: 0.14%
   From Peak: -0.52%
   Scaled: ⏳ NO
   BE Stop: ⏳ WAITING
   Remaining: 949.33 tokens

⏰ Sydney Time: 23/02/2026, 02:48:24
   Mode: 🟢 24/7 Trading (no time restrictions)
   Status: 🟢 ACTIVE


📊 Position Monitor: PUMP1
   Current: $0.04408000
   Entry: $0.04411000
   Peak: $0.04440000
   P&L: -0.07%
   From Peak: -0.72%
   Scaled: ⏳ NO
   BE Stop: ⏳ WAITING
   Remaining: 949.33 tokens

⏰ Sydney Time: 23/02/2026, 02:48:55
   Mode: 🟢 24/7 Trading (no time restrictions)
   Status: 🟢 ACTIVE


📊 Position Monitor: PUMP1
   Current: $0.04408000
   Entry: $0.04411000
   Peak: $0.04440000
   P&L: -0.07%
   From Peak: -0.72%
   Scaled: ⏳ NO
   BE Stop: ⏳ WAITING
   Remaining: 949.33 tokens

⏰ Sydney Time: 23/02/2026, 02:49:25
   Mode: 🟢 24/7 Trading (no time restrictions)
   Status: 🟢 ACTIVE


📊 Position Monitor: PUMP1
   Current: $0.04397000
   Entry: $0.04411000
   Peak: $0.04440000
   P&L: -0.32%
   From Peak: -0.97%
   Scaled: ⏳ NO
   BE Stop: ⏳ WAITING
   Remaining: 949.33 tokens

⏰ Sydney Time: 23/02/2026, 02:49:56
   Mode: 🟢 24/7 Trading (no time restrictions)
   Status: 🟢 ACTIVE


📊 Position Monitor: PUMP1
   Current: $0.04397000
   Entry: $0.04411000
   Peak: $0.04440000
   P&L: -0.32%
   From Peak: -0.97%
   Scaled: ⏳ NO
   BE Stop: ⏳ WAITING
   Remaining: 949.33 tokens

⏰ Sydney Time: 23/02/2026, 02:50:26
   Mode: 🟢 24/7 Trading (no time restrictions)
   Status: 🟢 ACTIVE


📊 Position Monitor: PUMP1
   Current: $0.04356000
   Entry: $0.04411000
   Peak: $0.04440000
   P&L: -1.25%
   From Peak: -1.89%
   Scaled: ⏳ NO
   BE Stop: ⏳ WAITING
   Remaining: 949.33 tokens

⏰ Sydney Time: 23/02/2026, 02:50:56
   Mode: 🟢 24/7 Trading (no time restrictions)
   Status: 🟢 ACTIVE


📊 Position Monitor: PUMP1
   Current: $0.04357000
   Entry: $0.04411000
   Peak: $0.04440000
   P&L: -1.22%
   From Peak: -1.87%
   Scaled: ⏳ NO
   BE Stop: ⏳ WAITING
   Remaining: 949.33 tokens

⏰ Sydney Time: 23/02/2026, 02:51:27
   Mode: 🟢 24/7 Trading (no time restrictions)
   Status: 🟢 ACTIVE


📊 Position Monitor: PUMP1
   Current: $0.04357000
   Entry: $0.04411000
   Peak: $0.04440000
   P&L: -1.22%
   From Peak: -1.87%
   Scaled: ⏳ NO
   BE Stop: ⏳ WAITING
   Remaining: 949.33 tokens

⏰ Sydney Time: 23/02/2026, 02:51:57
   Mode: 🟢 24/7 Trading (no time restrictions)
   Status: 🟢 ACTIVE


📊 Position Monitor: PUMP1
   Current: $0.04342000
   Entry: $0.04411000
   Peak: $0.04440000
   P&L: -1.56%
   From Peak: -2.21%
   Scaled: ⏳ NO
   BE Stop: ⏳ WAITING
   Remaining: 949.33 tokens

⏰ Sydney Time: 23/02/2026, 02:52:27
   Mode: 🟢 24/7 Trading (no time restrictions)
   Status: 🟢 ACTIVE


📊 Position Monitor: PUMP1
   Current: $0.04342000
   Entry: $0.04411000
   Peak: $0.04440000
   P&L: -1.56%
   From Peak: -2.21%
   Scaled: ⏳ NO
   BE Stop: ⏳ WAITING
   Remaining: 949.33 tokens
