
🚀 Swing Trader v2.2 Starting...

✅ Bot initialized: 8JGnzH1a...6Yc5


⏰ Sydney Time: 22/02/2026, 00:36:51
   Trading Window: 00:00 - 04:00 (Current: 00:XX)
   Status: 🟢 ACTIVE


🔍 Scanning for signals...

   Found 2 candidate(s):

   1. PUMP1
      Price: $0.02903000
      Change (+6h): +25.60%
      Market Cap: $29.0M
      Score: 8/8

   2. PUMP2
      Price: $0.01484000
      Change (+6h): +25.30%
      Market Cap: $14.8M
      Score: 7/8


🎯 STRONG SIGNAL: PUMP1 (Score: 8)
   SOL Balance: 1.1220

🟢 BUY SIGNAL: PUMP1
   Amount: 0.5 SOL
   Expected: ~1468.35 PUMP1
📤 Executing Buy PUMP1...
⏳ Confirming...
✅ Buy PUMP1 complete!
   TX: https://solscan.io/tx/3Xm1AMwbLzwbxKhfALwNXgwW8i4jMkH1SfzUmSzzR2jbrWAEUPmQp72z3sCwD4SpTGr8vGvzh9ZSNCsC6PpuyBQE

🚀 Swing Trader v2.2 Starting...

✅ Bot initialized: 8JGnzH1a...6Yc5


⏰ Sydney Time: 22/02/2026, 01:49:39
   Trading Window: 00:00 - 04:00 (Current: 01:XX)
   Status: 🟢 ACTIVE


🔍 Scanning for signals...

   Found 2 candidate(s):

   1. PUMP1
      Price: $0.03102000
      Change (+6h): +25.42%
      Market Cap: $31.0M
      Score: 8/8

   2. PUMP2
      Price: $0.01187000
      Change (+6h): +9.00%
      Market Cap: $11.9M
      Score: 6/8


🎯 STRONG SIGNAL: PUMP1 (Score: 8)
   SOL Balance: 0.6199
   ❌ Insufficient balance for trade

[Sun Feb 22 02:01:34 AEDT 2026] Starting bot...

🚀 Swing Trader v2.2 Starting...

✅ Bot initialized: 8JGnzH1a...6Yc5


⏰ Sydney Time: 22/02/2026, 02:01:35
   Trading Window: 00:00 - 04:00 (Current: 02:XX)
   Status: 🟢 ACTIVE


🔍 Scanning for signals...

   Found 2 candidate(s):

   1. PUMP1
      Price: $0.03045000
      Change (+6h): +21.89%
      Market Cap: $30.5M
      Score: 8/8

   2. PUMP2
      Price: $0.01189000
      Change (+6h): +15.98%
      Market Cap: $11.9M
      Score: 7/8


🎯 STRONG SIGNAL: PUMP1 (Score: 8)
   SOL Balance: 0.6199
   ❌ Insufficient balance for trade


⏰ Sydney Time: 22/02/2026, 02:02:08
   Trading Window: 00:00 - 04:00 (Current: 02:XX)
   Status: 🟢 ACTIVE


🔍 Scanning for signals...

   Found 2 candidate(s):

   1. PUMP1
      Price: $0.03017000
      Change (+6h): +20.79%
      Market Cap: $30.2M
      Score: 8/8

   2. PUMP2
      Price: $0.01188000
      Change (+6h): +15.87%
      Market Cap: $11.9M
      Score: 7/8


🎯 STRONG SIGNAL: PUMP1 (Score: 8)
   SOL Balance: 0.6199
   ❌ Insufficient balance for trade


⏰ Sydney Time: 22/02/2026, 02:02:40
   Trading Window: 00:00 - 04:00 (Current: 02:XX)
   Status: 🟢 ACTIVE


🔍 Scanning for signals...

   Found 2 candidate(s):

   1. PUMP1
      Price: $0.02996000
      Change (+6h): +20.03%
      Market Cap: $30.0M
      Score: 8/8

   2. PUMP2
      Price: $0.01184000
      Change (+6h): +15.03%
      Market Cap: $11.8M
      Score: 7/8


🎯 STRONG SIGNAL: PUMP1 (Score: 8)
   SOL Balance: 0.6199
   ❌ Insufficient balance for trade


⏰ Sydney Time: 22/02/2026, 02:03:14
   Trading Window: 00:00 - 04:00 (Current: 02:XX)
   Status: 🟢 ACTIVE


🔍 Scanning for signals...

   Found 2 candidate(s):

   1. PUMP1
      Price: $0.03013000
      Change (+6h): +20.71%
      Market Cap: $30.1M
      Score: 8/8

   2. PUMP2
      Price: $0.01184000
      Change (+6h): +15.05%
      Market Cap: $11.8M
      Score: 7/8


🎯 STRONG SIGNAL: PUMP1 (Score: 8)
   SOL Balance: 0.6199
   ❌ Insufficient balance for trade


⏰ Sydney Time: 22/02/2026, 02:03:47
   Trading Window: 00:00 - 04:00 (Current: 02:XX)
   Status: 🟢 ACTIVE


🔍 Scanning for signals...

   Found 2 candidate(s):

   1. PUMP1
      Price: $0.03005000
      Change (+6h): +20.68%
      Market Cap: $30.1M
      Score: 8/8

   2. PUMP2
      Price: $0.01199000
      Change (+6h): +15.94%
      Market Cap: $12.0M
      Score: 7/8


🎯 STRONG SIGNAL: PUMP1 (Score: 8)
   SOL Balance: 0.6199
   ❌ Insufficient balance for trade


⏰ Sydney Time: 22/02/2026, 02:04:20
   Trading Window: 00:00 - 04:00 (Current: 02:XX)
   Status: 🟢 ACTIVE


🔍 Scanning for signals...

   Found 2 candidate(s):

   1. PUMP1
      Price: $0.03024000
      Change (+6h): +21.43%
      Market Cap: $30.2M
      Score: 8/8

   2. PUMP2
      Price: $0.01183000
      Change (+6h): +14.35%
      Market Cap: $11.8M
      Score: 7/8


🎯 STRONG SIGNAL: PUMP1 (Score: 8)
   SOL Balance: 0.6199
   ❌ Insufficient balance for trade


⏰ Sydney Time: 22/02/2026, 02:04:53
   Trading Window: 00:00 - 04:00 (Current: 02:XX)
   Status: 🟢 ACTIVE


🔍 Scanning for signals...

   Found 2 candidate(s):

   1. PUMP1
      Price: $0.03008000
      Change (+6h): +20.32%
      Market Cap: $30.1M
      Score: 8/8

   2. PUMP2
      Price: $0.01195000
      Change (+6h): +15.28%
      Market Cap: $12.0M
      Score: 7/8


🎯 STRONG SIGNAL: PUMP1 (Score: 8)
   SOL Balance: 0.6199
   ❌ Insufficient balance for trade


⏰ Sydney Time: 22/02/2026, 02:05:25
   Trading Window: 00:00 - 04:00 (Current: 02:XX)
   Status: 🟢 ACTIVE


🔍 Scanning for signals...

   Found 2 candidate(s):

   1. PUMP1
      Price: $0.03024000
      Change (+6h): +21.98%
      Market Cap: $30.2M
      Score: 8/8

   2. PUMP2
      Price: $0.01202000
      Change (+6h): +14.35%
      Market Cap: $12.0M
      Score: 7/8


🎯 STRONG SIGNAL: PUMP1 (Score: 8)
   SOL Balance: 0.6199
   ❌ Insufficient balance for trade


⏰ Sydney Time: 22/02/2026, 02:05:59
   Trading Window: 00:00 - 04:00 (Current: 02:XX)
   Status: 🟢 ACTIVE


🔍 Scanning for signals...

   Found 2 candidate(s):

   1. PUMP1
      Price: $0.03056000
      Change (+6h): +23.24%
      Market Cap: $30.6M
      Score: 8/8

   2. PUMP2
      Price: $0.01203000
      Change (+6h): +14.45%
      Market Cap: $12.0M
      Score: 7/8


🎯 STRONG SIGNAL: PUMP1 (Score: 8)
   SOL Balance: 0.6199
   ❌ Insufficient balance for trade


⏰ Sydney Time: 22/02/2026, 02:06:31
   Trading Window: 00:00 - 04:00 (Current: 02:XX)
   Status: 🟢 ACTIVE


🔍 Scanning for signals...

   Found 2 candidate(s):

   1. PUMP1
      Price: $0.03073000
      Change (+6h): +23.46%
      Market Cap: $30.7M
      Score: 8/8

   2. PUMP2
      Price: $0.01211000
      Change (+6h): +15.60%
      Market Cap: $12.1M
      Score: 7/8


🎯 STRONG SIGNAL: PUMP1 (Score: 8)
   SOL Balance: 0.6199
   ❌ Insufficient balance for trade


⏰ Sydney Time: 22/02/2026, 02:07:04
   Trading Window: 00:00 - 04:00 (Current: 02:XX)
   Status: 🟢 ACTIVE


🔍 Scanning for signals...

   Found 2 candidate(s):

   1. PUMP1
      Price: $0.03043000
      Change (+6h): +22.26%
      Market Cap: $30.4M
      Score: 8/8

   2. PUMP2
      Price: $0.01212000
      Change (+6h): +15.62%
      Market Cap: $12.1M
      Score: 7/8


🎯 STRONG SIGNAL: PUMP1 (Score: 8)
   SOL Balance: 0.6199
   ❌ Insufficient balance for trade


⏰ Sydney Time: 22/02/2026, 02:07:37
   Trading Window: 00:00 - 04:00 (Current: 02:XX)
   Status: 🟢 ACTIVE


🔍 Scanning for signals...

   Found 2 candidate(s):

   1. PUMP1
      Price: $0.03053000
      Change (+6h): +22.88%
      Market Cap: $30.5M
      Score: 8/8

   2. PUMP2
      Price: $0.01208000
      Change (+6h): +15.42%
      Market Cap: $12.1M
      Score: 7/8


🎯 STRONG SIGNAL: PUMP1 (Score: 8)
   SOL Balance: 0.6199
   ❌ Insufficient balance for trade


⏰ Sydney Time: 22/02/2026, 02:08:11
   Trading Window: 00:00 - 04:00 (Current: 02:XX)
   Status: 🟢 ACTIVE


🔍 Scanning for signals...

   Found 2 candidate(s):

   1. PUMP1
      Price: $0.03012000
      Change (+6h): +21.25%
      Market Cap: $30.1M
      Score: 8/8

   2. PUMP2
      Price: $0.01213000
      Change (+6h): +15.90%
      Market Cap: $12.1M
      Score: 7/8


🎯 STRONG SIGNAL: PUMP1 (Score: 8)
   SOL Balance: 0.6199
   ❌ Insufficient balance for trade


⏰ Sydney Time: 22/02/2026, 02:08:44
   Trading Window: 00:00 - 04:00 (Current: 02:XX)
   Status: 🟢 ACTIVE


🔍 Scanning for signals...

   Found 2 candidate(s):

   1. PUMP1
      Price: $0.03005000
      Change (+6h): +20.15%
      Market Cap: $30.1M
      Score: 8/8

   2. PUMP2
      Price: $0.01215000
      Change (+6h): +15.86%
      Market Cap: $12.1M
      Score: 7/8


🎯 STRONG SIGNAL: PUMP1 (Score: 8)
   SOL Balance: 0.6199
   ❌ Insufficient balance for trade


⏰ Sydney Time: 22/02/2026, 02:09:16
   Trading Window: 00:00 - 04:00 (Current: 02:XX)
   Status: 🟢 ACTIVE


🔍 Scanning for signals...

   Found 2 candidate(s):

   1. PUMP1
      Price: $0.03006000
      Change (+6h): +20.18%
      Market Cap: $30.1M
      Score: 8/8

   2. PUMP2
      Price: $0.01225000
      Change (+6h): +16.85%
      Market Cap: $12.3M
      Score: 7/8


🎯 STRONG SIGNAL: PUMP1 (Score: 8)
   SOL Balance: 0.6199
   ❌ Insufficient balance for trade


⏰ Sydney Time: 22/02/2026, 02:09:49
   Trading Window: 00:00 - 04:00 (Current: 02:XX)
   Status: 🟢 ACTIVE


🔍 Scanning for signals...

   Found 2 candidate(s):

   1. PUMP1
      Price: $0.02995000
      Change (+6h): +20.19%
      Market Cap: $30.0M
      Score: 8/8

   2. PUMP2
      Price: $0.01226000
      Change (+6h): +17.44%
      Market Cap: $12.3M
      Score: 7/8


🎯 STRONG SIGNAL: PUMP1 (Score: 8)
   SOL Balance: 0.6199
   ❌ Insufficient balance for trade


⏰ Sydney Time: 22/02/2026, 02:10:22
   Trading Window: 00:00 - 04:00 (Current: 02:XX)
   Status: 🟢 ACTIVE


🔍 Scanning for signals...

   Found 2 candidate(s):

   1. PUMP1
      Price: $0.02976000
      Change (+6h): +19.40%
      Market Cap: $29.8M
      Score: 8/8

   2. PUMP2
      Price: $0.01224000
      Change (+6h): +17.26%
      Market Cap: $12.2M
      Score: 7/8


🎯 STRONG SIGNAL: PUMP1 (Score: 8)
   SOL Balance: 0.6199
   ❌ Insufficient balance for trade


⏰ Sydney Time: 22/02/2026, 02:10:55
   Trading Window: 00:00 - 04:00 (Current: 02:XX)
   Status: 🟢 ACTIVE


🔍 Scanning for signals...

   Found 2 candidate(s):

   1. PUMP1
      Price: $0.02995000
      Change (+6h): +20.26%
      Market Cap: $30.0M
      Score: 8/8

   2. PUMP2
      Price: $0.01222000
      Change (+6h): +19.38%
      Market Cap: $12.2M
      Score: 7/8


🎯 STRONG SIGNAL: PUMP1 (Score: 8)
   SOL Balance: 0.6199
   ❌ Insufficient balance for trade


⏰ Sydney Time: 22/02/2026, 02:11:28
   Trading Window: 00:00 - 04:00 (Current: 02:XX)
   Status: 🟢 ACTIVE


🔍 Scanning for signals...

   Found 2 candidate(s):

   1. PUMP1
      Price: $0.02990000
      Change (+6h): +20.07%
      Market Cap: $29.9M
      Score: 8/8

   2. PUMP2
      Price: $0.01221000
      Change (+6h): +19.27%
      Market Cap: $12.2M
      Score: 7/8


🎯 STRONG SIGNAL: PUMP1 (Score: 8)
   SOL Balance: 0.6199
   ❌ Insufficient balance for trade


⏰ Sydney Time: 22/02/2026, 02:12:01
   Trading Window: 00:00 - 04:00 (Current: 02:XX)
   Status: 🟢 ACTIVE


🔍 Scanning for signals...

   Found 2 candidate(s):

   1. PUMP1
      Price: $0.02969000
      Change (+6h): +17.85%
      Market Cap: $29.7M
      Score: 8/8

   2. PUMP2
      Price: $0.01218000
      Change (+6h): +21.60%
      Market Cap: $12.2M
      Score: 7/8


🎯 STRONG SIGNAL: PUMP1 (Score: 8)
   SOL Balance: 0.6199
   ❌ Insufficient balance for trade


⏰ Sydney Time: 22/02/2026, 02:12:33
   Trading Window: 00:00 - 04:00 (Current: 02:XX)
   Status: 🟢 ACTIVE


🔍 Scanning for signals...

   Found 2 candidate(s):

   1. PUMP1
      Price: $0.02966000
      Change (+6h): +17.73%
      Market Cap: $29.7M
      Score: 8/8

   2. PUMP2
      Price: $0.01205000
      Change (+6h): +20.34%
      Market Cap: $12.1M
      Score: 7/8


🎯 STRONG SIGNAL: PUMP1 (Score: 8)
   SOL Balance: 0.6199
   ❌ Insufficient balance for trade


⏰ Sydney Time: 22/02/2026, 02:13:06
   Trading Window: 00:00 - 04:00 (Current: 02:XX)
   Status: 🟢 ACTIVE


🔍 Scanning for signals...

   Found 2 candidate(s):

   1. PUMP1
      Price: $0.03028000
      Change (+6h): +20.03%
      Market Cap: $30.3M
      Score: 8/8

   2. PUMP2
      Price: $0.01175000
      Change (+6h): +15.28%
      Market Cap: $11.8M
      Score: 7/8


🎯 STRONG SIGNAL: PUMP1 (Score: 8)
   SOL Balance: 0.6199
   ❌ Insufficient balance for trade


⏰ Sydney Time: 22/02/2026, 02:13:39
   Trading Window: 00:00 - 04:00 (Current: 02:XX)
   Status: 🟢 ACTIVE


🔍 Scanning for signals...

   Found 2 candidate(s):

   1. PUMP1
      Price: $0.03034000
      Change (+6h): +20.23%
      Market Cap: $30.3M
      Score: 8/8

   2. PUMP2
      Price: $0.01173000
      Change (+6h): +16.78%
      Market Cap: $11.7M
      Score: 7/8


🎯 STRONG SIGNAL: PUMP1 (Score: 8)
   SOL Balance: 0.6199
   ❌ Insufficient balance for trade


⏰ Sydney Time: 22/02/2026, 02:14:12
   Trading Window: 00:00 - 04:00 (Current: 02:XX)
   Status: 🟢 ACTIVE


🔍 Scanning for signals...

   Found 2 candidate(s):

   1. PUMP1
      Price: $0.03054000
      Change (+6h): +21.02%
      Market Cap: $30.5M
      Score: 8/8

   2. PUMP2
      Price: $0.01163000
      Change (+6h): +15.79%
      Market Cap: $11.6M
      Score: 7/8


🎯 STRONG SIGNAL: PUMP1 (Score: 8)
   SOL Balance: 0.6199
   ❌ Insufficient balance for trade


⏰ Sydney Time: 22/02/2026, 02:14:45
   Trading Window: 00:00 - 04:00 (Current: 02:XX)
   Status: 🟢 ACTIVE


🔍 Scanning for signals...

   Found 2 candidate(s):

   1. PUMP1
      Price: $0.03103000
      Change (+6h): +23.76%
      Market Cap: $31.0M
      Score: 8/8

   2. PUMP2
      Price: $0.01140000
      Change (+6h): +13.04%
      Market Cap: $11.4M
      Score: 7/8


🎯 STRONG SIGNAL: PUMP1 (Score: 8)
   SOL Balance: 0.6199
   ❌ Insufficient balance for trade


⏰ Sydney Time: 22/02/2026, 02:15:17
   Trading Window: 00:00 - 04:00 (Current: 02:XX)
   Status: 🟢 ACTIVE


🔍 Scanning for signals...

   Found 2 candidate(s):

   1. PUMP1
      Price: $0.03131000
      Change (+6h): +25.62%
      Market Cap: $31.3M
      Score: 8/8

   2. PUMP2
      Price: $0.01146000
      Change (+6h): +13.93%
      Market Cap: $11.5M
      Score: 7/8


🎯 STRONG SIGNAL: PUMP1 (Score: 8)
   SOL Balance: 0.6199
   ❌ Insufficient balance for trade


⏰ Sydney Time: 22/02/2026, 02:15:49
   Trading Window: 00:00 - 04:00 (Current: 02:XX)
   Status: 🟢 ACTIVE


🔍 Scanning for signals...

   Found 2 candidate(s):

   1. PUMP1
      Price: $0.03144000
      Change (+6h): +26.15%
      Market Cap: $31.4M
      Score: 8/8

   2. PUMP2
      Price: $0.01152000
      Change (+6h): +14.45%
      Market Cap: $11.5M
      Score: 7/8


🎯 STRONG SIGNAL: PUMP1 (Score: 8)
   SOL Balance: 0.6199
   ❌ Insufficient balance for trade


⏰ Sydney Time: 22/02/2026, 02:16:22
   Trading Window: 00:00 - 04:00 (Current: 02:XX)
   Status: 🟢 ACTIVE


🔍 Scanning for signals...

   Found 2 candidate(s):

   1. PUMP1
      Price: $0.03176000
      Change (+6h): +27.09%
      Market Cap: $31.8M
      Score: 8/8

   2. PUMP2
      Price: $0.01154000
      Change (+6h): +15.40%
      Market Cap: $11.5M
      Score: 7/8


🎯 STRONG SIGNAL: PUMP1 (Score: 8)
   SOL Balance: 0.6199
   ❌ Insufficient balance for trade


⏰ Sydney Time: 22/02/2026, 02:16:54
   Trading Window: 00:00 - 04:00 (Current: 02:XX)
   Status: 🟢 ACTIVE


🔍 Scanning for signals...

   Found 2 candidate(s):

   1. PUMP1
      Price: $0.03192000
      Change (+6h): +27.71%
      Market Cap: $31.9M
      Score: 8/8

   2. PUMP2
      Price: $0.01157000
      Change (+6h): +15.67%
      Market Cap: $11.6M
      Score: 7/8


🎯 STRONG SIGNAL: PUMP1 (Score: 8)
   SOL Balance: 0.6199
   ❌ Insufficient balance for trade


⏰ Sydney Time: 22/02/2026, 02:17:27
   Trading Window: 00:00 - 04:00 (Current: 02:XX)
   Status: 🟢 ACTIVE


🔍 Scanning for signals...

   Found 2 candidate(s):

   1. PUMP1
      Price: $0.03178000
      Change (+6h): +27.68%
      Market Cap: $31.8M
      Score: 8/8

   2. PUMP2
      Price: $0.01163000
      Change (+6h): +13.68%
      Market Cap: $11.6M
      Score: 7/8


🎯 STRONG SIGNAL: PUMP1 (Score: 8)
   SOL Balance: 0.6199
   ❌ Insufficient balance for trade


⏰ Sydney Time: 22/02/2026, 02:17:59
   Trading Window: 00:00 - 04:00 (Current: 02:XX)
   Status: 🟢 ACTIVE


🔍 Scanning for signals...

   Found 2 candidate(s):

   1. PUMP1
      Price: $0.03194000
      Change (+6h): +28.32%
      Market Cap: $31.9M
      Score: 8/8

   2. PUMP2
      Price: $0.01167000
      Change (+6h): +14.05%
      Market Cap: $11.7M
      Score: 7/8


🎯 STRONG SIGNAL: PUMP1 (Score: 8)
   SOL Balance: 0.6199
   ❌ Insufficient balance for trade


⏰ Sydney Time: 22/02/2026, 02:18:31
   Trading Window: 00:00 - 04:00 (Current: 02:XX)
   Status: 🟢 ACTIVE


🔍 Scanning for signals...

   Found 2 candidate(s):

   1. PUMP1
      Price: $0.03191000
      Change (+6h): +26.26%
      Market Cap: $31.9M
      Score: 8/8

   2. PUMP2
      Price: $0.01124000
      Change (+6h): +8.71%
      Market Cap: $11.2M
      Score: 6/8


🎯 STRONG SIGNAL: PUMP1 (Score: 8)
   SOL Balance: 0.6199
   ❌ Insufficient balance for trade


⏰ Sydney Time: 22/02/2026, 02:19:04
   Trading Window: 00:00 - 04:00 (Current: 02:XX)
   Status: 🟢 ACTIVE


🔍 Scanning for signals...

   Found 2 candidate(s):

   1. PUMP1
      Price: $0.03204000
      Change (+6h): +26.77%
      Market Cap: $32.0M
      Score: 8/8

   2. PUMP2
      Price: $0.01114000
      Change (+6h): +7.77%
      Market Cap: $11.1M
      Score: 6/8


🎯 STRONG SIGNAL: PUMP1 (Score: 8)
   SOL Balance: 0.6199
   ❌ Insufficient balance for trade


⏰ Sydney Time: 22/02/2026, 02:19:36
   Trading Window: 00:00 - 04:00 (Current: 02:XX)
   Status: 🟢 ACTIVE


🔍 Scanning for signals...

   Found 2 candidate(s):

   1. PUMP1
      Price: $0.03358000
      Change (+6h): +31.52%
      Market Cap: $33.6M
      Score: 8/8

   2. PUMP2
      Price: $0.01122000
      Change (+6h): +8.62%
      Market Cap: $11.2M
      Score: 6/8


🎯 STRONG SIGNAL: PUMP1 (Score: 8)
   SOL Balance: 0.6199
   ❌ Insufficient balance for trade


⏰ Sydney Time: 22/02/2026, 02:20:08
   Trading Window: 00:00 - 04:00 (Current: 02:XX)
   Status: 🟢 ACTIVE


🔍 Scanning for signals...

   Found 2 candidate(s):

   1. PUMP1
      Price: $0.03344000
      Change (+6h): +30.99%
      Market Cap: $33.4M
      Score: 8/8

   2. PUMP2
      Price: $0.01126000
      Change (+6h): +9.06%
      Market Cap: $11.3M
      Score: 6/8


🎯 STRONG SIGNAL: PUMP1 (Score: 8)
   SOL Balance: 0.6199
   ❌ Insufficient balance for trade


⏰ Sydney Time: 22/02/2026, 02:20:41
   Trading Window: 00:00 - 04:00 (Current: 02:XX)
   Status: 🟢 ACTIVE


🔍 Scanning for signals...

   Found 2 candidate(s):

   1. PUMP1
      Price: $0.03354000
      Change (+6h): +31.30%
      Market Cap: $33.5M
      Score: 8/8

   2. PUMP2
      Price: $0.01127000
      Change (+6h): +8.04%
      Market Cap: $11.3M
      Score: 6/8


🎯 STRONG SIGNAL: PUMP1 (Score: 8)
   SOL Balance: 0.6199
   ❌ Insufficient balance for trade


⏰ Sydney Time: 22/02/2026, 02:21:13
   Trading Window: 00:00 - 04:00 (Current: 02:XX)
   Status: 🟢 ACTIVE


🔍 Scanning for signals...

   Found 2 candidate(s):

   1. PUMP1
      Price: $0.03414000
      Change (+6h): +33.66%
      Market Cap: $34.1M
      Score: 8/8

   2. PUMP2
      Price: $0.01124000
      Change (+6h): +7.73%
      Market Cap: $11.2M
      Score: 6/8


🎯 STRONG SIGNAL: PUMP1 (Score: 8)
   SOL Balance: 0.6199
   ❌ Insufficient balance for trade


⏰ Sydney Time: 22/02/2026, 02:21:45
   Trading Window: 00:00 - 04:00 (Current: 02:XX)
   Status: 🟢 ACTIVE


🔍 Scanning for signals...

   Found 2 candidate(s):

   1. PUMP1
      Price: $0.03434000
      Change (+6h): +34.82%
      Market Cap: $34.3M
      Score: 8/8

   2. PUMP2
      Price: $0.01101000
      Change (+6h): +6.08%
      Market Cap: $11.0M
      Score: 6/8


🎯 STRONG SIGNAL: PUMP1 (Score: 8)
   SOL Balance: 0.6199
   ❌ Insufficient balance for trade


⏰ Sydney Time: 22/02/2026, 02:22:18
   Trading Window: 00:00 - 04:00 (Current: 02:XX)
   Status: 🟢 ACTIVE


🔍 Scanning for signals...

   Found 1 candidate(s):

   1. PUMP1
      Price: $0.03438000
      Change (+6h): +34.97%
      Market Cap: $34.4M
      Score: 8/8


🎯 STRONG SIGNAL: PUMP1 (Score: 8)
   SOL Balance: 0.6199
   ❌ Insufficient balance for trade


⏰ Sydney Time: 22/02/2026, 02:22:50
   Trading Window: 00:00 - 04:00 (Current: 02:XX)
   Status: 🟢 ACTIVE


🔍 Scanning for signals...

   Found 1 candidate(s):

   1. PUMP1
      Price: $0.03538000
      Change (+6h): +38.21%
      Market Cap: $35.4M
      Score: 8/8


🎯 STRONG SIGNAL: PUMP1 (Score: 8)
   SOL Balance: 0.6199
   ❌ Insufficient balance for trade


⏰ Sydney Time: 22/02/2026, 02:23:23
   Trading Window: 00:00 - 04:00 (Current: 02:XX)
   Status: 🟢 ACTIVE


🔍 Scanning for signals...

   Found 2 candidate(s):

   1. PUMP1
      Price: $0.03572000
      Change (+6h): +39.55%
      Market Cap: $35.7M
      Score: 8/8

   2. PUMP2
      Price: $0.01100000
      Change (+6h): +5.84%
      Market Cap: $11.0M
      Score: 6/8


🎯 STRONG SIGNAL: PUMP1 (Score: 8)
   SOL Balance: 0.6199
   ❌ Insufficient balance for trade


⏰ Sydney Time: 22/02/2026, 02:23:55
   Trading Window: 00:00 - 04:00 (Current: 02:XX)
   Status: 🟢 ACTIVE


🔍 Scanning for signals...

   Found 2 candidate(s):

   1. PUMP1
      Price: $0.03538000
      Change (+6h): +37.58%
      Market Cap: $35.4M
      Score: 8/8

   2. PUMP2
      Price: $0.01104000
      Change (+6h): +7.45%
      Market Cap: $11.0M
      Score: 6/8


🎯 STRONG SIGNAL: PUMP1 (Score: 8)
   SOL Balance: 0.6199
   ❌ Insufficient balance for trade


⏰ Sydney Time: 22/02/2026, 02:24:29
   Trading Window: 00:00 - 04:00 (Current: 02:XX)
   Status: 🟢 ACTIVE


🔍 Scanning for signals...

   Found 2 candidate(s):

   1. PUMP1
      Price: $0.03561000
      Change (+6h): +38.48%
      Market Cap: $35.6M
      Score: 8/8

   2. PUMP2
      Price: $0.01107000
      Change (+6h): +7.75%
      Market Cap: $11.1M
      Score: 6/8


🎯 STRONG SIGNAL: PUMP1 (Score: 8)
   SOL Balance: 0.6199
   ❌ Insufficient balance for trade


⏰ Sydney Time: 22/02/2026, 02:25:01
   Trading Window: 00:00 - 04:00 (Current: 02:XX)
   Status: 🟢 ACTIVE


🔍 Scanning for signals...

   Found 2 candidate(s):

   1. PUMP1
      Price: $0.03596000
      Change (+6h): +39.86%
      Market Cap: $36.0M
      Score: 8/8

   2. PUMP2
      Price: $0.01113000
      Change (+6h): +8.65%
      Market Cap: $11.1M
      Score: 6/8


🎯 STRONG SIGNAL: PUMP1 (Score: 8)
   SOL Balance: 0.6199
   ❌ Insufficient balance for trade


⏰ Sydney Time: 22/02/2026, 02:25:35
   Trading Window: 00:00 - 04:00 (Current: 02:XX)
   Status: 🟢 ACTIVE


🔍 Scanning for signals...

   Found 2 candidate(s):

   1. PUMP1
      Price: $0.03491000
      Change (+6h): +35.76%
      Market Cap: $34.9M
      Score: 8/8

   2. PUMP2
      Price: $0.01112000
      Change (+6h): +8.52%
      Market Cap: $11.1M
      Score: 6/8


🎯 STRONG SIGNAL: PUMP1 (Score: 8)
   SOL Balance: 0.6199
   ❌ Insufficient balance for trade


⏰ Sydney Time: 22/02/2026, 02:26:07
   Trading Window: 00:00 - 04:00 (Current: 02:XX)
   Status: 🟢 ACTIVE


🔍 Scanning for signals...

   Found 2 candidate(s):

   1. PUMP1
      Price: $0.03512000
      Change (+6h): +33.68%
      Market Cap: $35.1M
      Score: 8/8

   2. PUMP2
      Price: $0.01122000
      Change (+6h): +8.39%
      Market Cap: $11.2M
      Score: 6/8


🎯 STRONG SIGNAL: PUMP1 (Score: 8)
   SOL Balance: 1.1994

🟢 BUY SIGNAL: PUMP1
   Amount: 0.5 SOL
   Expected: ~1242.17 PUMP1
📤 Executing Buy PUMP1...
⏳ Confirming...
✅ Buy PUMP1 complete!
   TX: https://solscan.io/tx/56ECRe85sbCtEizeNk5pBby71SBRpNdSQ51TsQJvykM4R6ZfAFUqwsPcnQGeEUFJWrugxNJ1kbSRq4SNuCHpE8ZK
[Sun Feb 22 02:26:14 AEDT 2026] Bot crashed, restarting in 5 seconds...
[Sun Feb 22 02:26:19 AEDT 2026] Starting bot...

🚀 Swing Trader v2.2 Starting...

✅ Bot initialized: 8JGnzH1a...6Yc5


⏰ Sydney Time: 22/02/2026, 02:26:19
   Trading Window: 00:00 - 04:00 (Current: 02:XX)
   Status: 🟢 ACTIVE


🔍 Scanning for signals...

   Found 2 candidate(s):

   1. PUMP1
      Price: $0.03512000
      Change (+6h): +33.68%
      Market Cap: $35.1M
      Score: 8/8

   2. PUMP2
      Price: $0.01122000
      Change (+6h): +8.39%
      Market Cap: $11.2M
      Score: 6/8


🎯 STRONG SIGNAL: PUMP1 (Score: 8)
   SOL Balance: 0.6994
   ❌ Insufficient balance for trade

